The system is: Linux - 4.18.0-10-generic - x86_64
Compiling the C compiler identification source file "CMakeCCompilerId.c" succeeded.
Compiler: /opt/anaconda3/bin/cc 
Build flags: 
Id flags:  

The output was:
0


Compilation of the C compiler identification source "CMakeCCompilerId.c" produced "a.out"

The C compiler identification is GNU, found in "/home/thor/Nextcloud/Scolaire/Ecole/ETHZ/Cours/Parallel Computing/project/code/CMakeFiles/3.12.1/CompilerIdC/a.out"

Compiling the CXX compiler identification source file "CMakeCXXCompilerId.cpp" succeeded.
Compiler: /opt/anaconda3/bin/c++ 
Build flags: 
Id flags:  

The output was:
0


Compilation of the CXX compiler identification source "CMakeCXXCompilerId.cpp" produced "a.out"

The CXX compiler identification is GNU, found in "/home/thor/Nextcloud/Scolaire/Ecole/ETHZ/Cours/Parallel Computing/project/code/CMakeFiles/3.12.1/CompilerIdCXX/a.out"

Determining if the C compiler works passed with the following output:
Change Dir: /home/thor/Nextcloud/Scolaire/Ecole/ETHZ/Cours/Parallel Computing/project/code/CMakeFiles/CMakeTmp

Run Build Command:"/usr/bin/make" "cmTC_aec70/fast"
/usr/bin/make -f CMakeFiles/cmTC_aec70.dir/build.make CMakeFiles/cmTC_aec70.dir/build
make[1] : on entre dans le répertoire « /home/thor/Nextcloud/Scolaire/Ecole/ETHZ/Cours/Parallel Computing/project/code/CMakeFiles/CMakeTmp »
Building C object CMakeFiles/cmTC_aec70.dir/testCCompiler.c.o
/opt/anaconda3/bin/cc    -o CMakeFiles/cmTC_aec70.dir/testCCompiler.c.o   -c "/home/thor/Nextcloud/Scolaire/Ecole/ETHZ/Cours/Parallel Computing/project/code/CMakeFiles/CMakeTmp/testCCompiler.c"
Linking C executable cmTC_aec70
/usr/bin/cmake -E cmake_link_script CMakeFiles/cmTC_aec70.dir/link.txt --verbose=1
/opt/anaconda3/bin/cc      -rdynamic CMakeFiles/cmTC_aec70.dir/testCCompiler.c.o  -o cmTC_aec70 
make[1] : on quitte le répertoire « /home/thor/Nextcloud/Scolaire/Ecole/ETHZ/Cours/Parallel Computing/project/code/CMakeFiles/CMakeTmp »


Detecting C compiler ABI info compiled with the following output:
Change Dir: /home/thor/Nextcloud/Scolaire/Ecole/ETHZ/Cours/Parallel Computing/project/code/CMakeFiles/CMakeTmp

Run Build Command:"/usr/bin/make" "cmTC_d0289/fast"
/usr/bin/make -f CMakeFiles/cmTC_d0289.dir/build.make CMakeFiles/cmTC_d0289.dir/build
make[1] : on entre dans le répertoire « /home/thor/Nextcloud/Scolaire/Ecole/ETHZ/Cours/Parallel Computing/project/code/CMakeFiles/CMakeTmp »
Building C object CMakeFiles/cmTC_d0289.dir/CMakeCCompilerABI.c.o
/opt/anaconda3/bin/cc    -o CMakeFiles/cmTC_d0289.dir/CMakeCCompilerABI.c.o   -c /usr/share/cmake-3.12/Modules/CMakeCCompilerABI.c
Linking C executable cmTC_d0289
/usr/bin/cmake -E cmake_link_script CMakeFiles/cmTC_d0289.dir/link.txt --verbose=1
/opt/anaconda3/bin/cc     -v -rdynamic CMakeFiles/cmTC_d0289.dir/CMakeCCompilerABI.c.o  -o cmTC_d0289 
Lecture des spécifications à partir de /opt/anaconda3/bin/../lib/gcc/x86_64-pc-linux-gnu/7.2.0/specs
COLLECT_GCC=/opt/anaconda3/bin/cc
COLLECT_LTO_WRAPPER=/opt/anaconda3/bin/../gcc/libexec/gcc/x86_64-pc-linux-gnu/7.2.0/lto-wrapper
Cible : x86_64-pc-linux-gnu
Configuré avec: ./configure --prefix=/feedstock_root/build_artefacts/gcc-7_1511896968119/_b_env_placehold_placehold_placehold_placehold_placehold_placehold_placehold_placehold_placehold_placehold_placehold_placehold_placehold_placehold_placehold_placehold_placehold_placehold_placehold_placeh/gcc --with-gxx-include-dir=/feedstock_root/build_artefacts/gcc-7_1511896968119/_b_env_placehold_placehold_placehold_placehold_placehold_placehold_placehold_placehold_placehold_placehold_placehold_placehold_placehold_placehold_placehold_placehold_placehold_placehold_placehold_placeh/gcc/include/c++ --bindir=/feedstock_root/build_artefacts/gcc-7_1511896968119/_b_env_placehold_placehold_placehold_placehold_placehold_placehold_placehold_placehold_placehold_placehold_placehold_placehold_placehold_placehold_placehold_placehold_placehold_placehold_placehold_placeh/bin --datarootdir=/feedstock_root/build_artefacts/gcc-7_1511896968119/_b_env_placehold_placehold_placehold_placehold_placehold_placehold_placehold_placehold_placehold_placehold_placehold_placehold_placehold_placehold_placehold_placehold_placehold_placehold_placehold_placeh/share --libdir=/feedstock_root/build_artefacts/gcc-7_1511896968119/_b_env_placehold_placehold_placehold_placehold_placehold_placehold_placehold_placehold_placehold_placehold_placehold_placehold_placehold_placehold_placehold_placehold_placehold_placehold_placehold_placeh/lib --with-gmp=/feedstock_root/build_artefacts/gcc-7_1511896968119/_b_env_placehold_placehold_placehold_placehold_placehold_placehold_placehold_placehold_placehold_placehold_placehold_placehold_placehold_placehold_placehold_placehold_placehold_placehold_placehold_placeh --with-mpfr=/feedstock_root/build_artefacts/gcc-7_1511896968119/_b_env_placehold_placehold_placehold_placehold_placehold_placehold_placehold_placehold_placehold_placehold_placehold_placehold_placehold_placehold_placehold_placehold_placehold_placehold_placehold_placeh --with-mpc=/feedstock_root/build_artefacts/gcc-7_1511896968119/_b_env_placehold_placehold_placehold_placehold_placehold_placehold_placehold_placehold_placehold_placehold_placehold_placehold_placehold_placehold_placehold_placehold_placehold_placehold_placehold_placeh --with-isl=/feedstock_root/build_artefacts/gcc-7_1511896968119/_b_env_placehold_placehold_placehold_placehold_placehold_placehold_placehold_placehold_placehold_placehold_placehold_placehold_placehold_placehold_placehold_placehold_placehold_placehold_placehold_placeh --with-cloog=/feedstock_root/build_artefacts/gcc-7_1511896968119/_b_env_placehold_placehold_placehold_placehold_placehold_placehold_placehold_placehold_placehold_placehold_placehold_placehold_placehold_placehold_placehold_placehold_placehold_placehold_placehold_placeh --enable-checking=release --with-tune=generic --disable-multilib
Modèle de thread: posix
gcc version 7.2.0 (GCC) 
COMPILER_PATH=/opt/anaconda3/bin/../gcc/libexec/gcc/x86_64-pc-linux-gnu/7.2.0/:/opt/anaconda3/bin/../gcc/libexec/gcc/
LIBRARY_PATH=/opt/anaconda3/bin/../lib/gcc/x86_64-pc-linux-gnu/7.2.0/:/opt/anaconda3/bin/../lib/gcc/:/lib/../lib64/:/usr/lib/../lib64/:/opt/anaconda3/bin/../lib/gcc/x86_64-pc-linux-gnu/7.2.0/../../../:/lib/:/usr/lib/
COLLECT_GCC_OPTIONS='-v' '-rdynamic' '-o' 'cmTC_d0289' '-mtune=generic' '-march=x86-64'
 /opt/anaconda3/bin/../gcc/libexec/gcc/x86_64-pc-linux-gnu/7.2.0/collect2 -plugin /opt/anaconda3/bin/../gcc/libexec/gcc/x86_64-pc-linux-gnu/7.2.0/liblto_plugin.so -plugin-opt=/opt/anaconda3/bin/../gcc/libexec/gcc/x86_64-pc-linux-gnu/7.2.0/lto-wrapper -plugin-opt=-fresolution=/tmp/ccNBqU5q.res -plugin-opt=-pass-through=-lgcc -plugin-opt=-pass-through=-lgcc_s -plugin-opt=-pass-through=-lc -plugin-opt=-pass-through=-lgcc -plugin-opt=-pass-through=-lgcc_s --eh-frame-hdr -m elf_x86_64 -export-dynamic -dynamic-linker /lib64/ld-linux-x86-64.so.2 -o cmTC_d0289 /opt/anaconda3/bin/../lib/gcc/x86_64-pc-linux-gnu/7.2.0/crt1.o /opt/anaconda3/bin/../lib/gcc/x86_64-pc-linux-gnu/7.2.0/crti.o /opt/anaconda3/bin/../lib/gcc/x86_64-pc-linux-gnu/7.2.0/crtbegin.o -L/opt/anaconda3/bin/../lib/gcc/x86_64-pc-linux-gnu/7.2.0 -L/opt/anaconda3/bin/../lib/gcc -L/lib/../lib64 -L/usr/lib/../lib64 -L/opt/anaconda3/bin/../lib/gcc/x86_64-pc-linux-gnu/7.2.0/../../.. -L/usr/local/lib/x86_64-linux-gnu -L/lib/x86_64-linux-gnu -L/usr/lib/x86_64-linux-gnu -L/usr/lib/x86_64-linux-gnu64 -L/usr/local/lib64 -L/lib64 -L/usr/lib64 -L/usr/local/lib -L/lib -L/usr/lib -L/usr/x86_64-linux-gnu/lib64 -L/usr/x86_64-linux-gnu/lib CMakeFiles/cmTC_d0289.dir/CMakeCCompilerABI.c.o -lgcc --as-needed -lgcc_s --no-as-needed -lc -lgcc --as-needed -lgcc_s --no-as-needed /opt/anaconda3/bin/../lib/gcc/x86_64-pc-linux-gnu/7.2.0/crtend.o /opt/anaconda3/bin/../lib/gcc/x86_64-pc-linux-gnu/7.2.0/crtn.o
COLLECT_GCC_OPTIONS='-v' '-rdynamic' '-o' 'cmTC_d0289' '-mtune=generic' '-march=x86-64'
make[1] : on quitte le répertoire « /home/thor/Nextcloud/Scolaire/Ecole/ETHZ/Cours/Parallel Computing/project/code/CMakeFiles/CMakeTmp »


Parsed C implicit link information from above output:
  link line regex: [^( *|.*[/\])(ld|CMAKE_LINK_STARTFILE-NOTFOUND|([^/\]+-)?ld|collect2)[^/\]*( |$)]
  ignore line: [Change Dir: /home/thor/Nextcloud/Scolaire/Ecole/ETHZ/Cours/Parallel Computing/project/code/CMakeFiles/CMakeTmp]
  ignore line: []
  ignore line: [Run Build Command:"/usr/bin/make" "cmTC_d0289/fast"]
  ignore line: [/usr/bin/make -f CMakeFiles/cmTC_d0289.dir/build.make CMakeFiles/cmTC_d0289.dir/build]
  ignore line: [make[1] : on entre dans le répertoire « /home/thor/Nextcloud/Scolaire/Ecole/ETHZ/Cours/Parallel Computing/project/code/CMakeFiles/CMakeTmp »]
  ignore line: [Building C object CMakeFiles/cmTC_d0289.dir/CMakeCCompilerABI.c.o]
  ignore line: [/opt/anaconda3/bin/cc    -o CMakeFiles/cmTC_d0289.dir/CMakeCCompilerABI.c.o   -c /usr/share/cmake-3.12/Modules/CMakeCCompilerABI.c]
  ignore line: [Linking C executable cmTC_d0289]
  ignore line: [/usr/bin/cmake -E cmake_link_script CMakeFiles/cmTC_d0289.dir/link.txt --verbose=1]
  ignore line: [/opt/anaconda3/bin/cc     -v -rdynamic CMakeFiles/cmTC_d0289.dir/CMakeCCompilerABI.c.o  -o cmTC_d0289 ]
  ignore line: [Lecture des spécifications à partir de /opt/anaconda3/bin/../lib/gcc/x86_64-pc-linux-gnu/7.2.0/specs]
  ignore line: [COLLECT_GCC=/opt/anaconda3/bin/cc]
  ignore line: [COLLECT_LTO_WRAPPER=/opt/anaconda3/bin/../gcc/libexec/gcc/x86_64-pc-linux-gnu/7.2.0/lto-wrapper]
  ignore line: [Cible : x86_64-pc-linux-gnu]
  ignore line: [Configuré avec: ./configure --prefix=/feedstock_root/build_artefacts/gcc-7_1511896968119/_b_env_placehold_placehold_placehold_placehold_placehold_placehold_placehold_placehold_placehold_placehold_placehold_placehold_placehold_placehold_placehold_placehold_placehold_placehold_placehold_placeh/gcc --with-gxx-include-dir=/feedstock_root/build_artefacts/gcc-7_1511896968119/_b_env_placehold_placehold_placehold_placehold_placehold_placehold_placehold_placehold_placehold_placehold_placehold_placehold_placehold_placehold_placehold_placehold_placehold_placehold_placehold_placeh/gcc/include/c++ --bindir=/feedstock_root/build_artefacts/gcc-7_1511896968119/_b_env_placehold_placehold_placehold_placehold_placehold_placehold_placehold_placehold_placehold_placehold_placehold_placehold_placehold_placehold_placehold_placehold_placehold_placehold_placehold_placeh/bin --datarootdir=/feedstock_root/build_artefacts/gcc-7_1511896968119/_b_env_placehold_placehold_placehold_placehold_placehold_placehold_placehold_placehold_placehold_placehold_placehold_placehold_placehold_placehold_placehold_placehold_placehold_placehold_placehold_placeh/share --libdir=/feedstock_root/build_artefacts/gcc-7_1511896968119/_b_env_placehold_placehold_placehold_placehold_placehold_placehold_placehold_placehold_placehold_placehold_placehold_placehold_placehold_placehold_placehold_placehold_placehold_placehold_placehold_placeh/lib --with-gmp=/feedstock_root/build_artefacts/gcc-7_1511896968119/_b_env_placehold_placehold_placehold_placehold_placehold_placehold_placehold_placehold_placehold_placehold_placehold_placehold_placehold_placehold_placehold_placehold_placehold_placehold_placehold_placeh --with-mpfr=/feedstock_root/build_artefacts/gcc-7_1511896968119/_b_env_placehold_placehold_placehold_placehold_placehold_placehold_placehold_placehold_placehold_placehold_placehold_placehold_placehold_placehold_placehold_placehold_placehold_placehold_placehold_placeh --with-mpc=/feedstock_root/build_artefacts/gcc-7_1511896968119/_b_env_placehold_placehold_placehold_placehold_placehold_placehold_placehold_placehold_placehold_placehold_placehold_placehold_placehold_placehold_placehold_placehold_placehold_placehold_placehold_placeh --with-isl=/feedstock_root/build_artefacts/gcc-7_1511896968119/_b_env_placehold_placehold_placehold_placehold_placehold_placehold_placehold_placehold_placehold_placehold_placehold_placehold_placehold_placehold_placehold_placehold_placehold_placehold_placehold_placeh --with-cloog=/feedstock_root/build_artefacts/gcc-7_1511896968119/_b_env_placehold_placehold_placehold_placehold_placehold_placehold_placehold_placehold_placehold_placehold_placehold_placehold_placehold_placehold_placehold_placehold_placehold_placehold_placehold_placeh --enable-checking=release --with-tune=generic --disable-multilib]
  ignore line: [Modèle de thread: posix]
  ignore line: [gcc version 7.2.0 (GCC) ]
  ignore line: [COMPILER_PATH=/opt/anaconda3/bin/../gcc/libexec/gcc/x86_64-pc-linux-gnu/7.2.0/:/opt/anaconda3/bin/../gcc/libexec/gcc/]
  ignore line: [LIBRARY_PATH=/opt/anaconda3/bin/../lib/gcc/x86_64-pc-linux-gnu/7.2.0/:/opt/anaconda3/bin/../lib/gcc/:/lib/../lib64/:/usr/lib/../lib64/:/opt/anaconda3/bin/../lib/gcc/x86_64-pc-linux-gnu/7.2.0/../../../:/lib/:/usr/lib/]
  ignore line: [COLLECT_GCC_OPTIONS='-v' '-rdynamic' '-o' 'cmTC_d0289' '-mtune=generic' '-march=x86-64']
  link line: [ /opt/anaconda3/bin/../gcc/libexec/gcc/x86_64-pc-linux-gnu/7.2.0/collect2 -plugin /opt/anaconda3/bin/../gcc/libexec/gcc/x86_64-pc-linux-gnu/7.2.0/liblto_plugin.so -plugin-opt=/opt/anaconda3/bin/../gcc/libexec/gcc/x86_64-pc-linux-gnu/7.2.0/lto-wrapper -plugin-opt=-fresolution=/tmp/ccNBqU5q.res -plugin-opt=-pass-through=-lgcc -plugin-opt=-pass-through=-lgcc_s -plugin-opt=-pass-through=-lc -plugin-opt=-pass-through=-lgcc -plugin-opt=-pass-through=-lgcc_s --eh-frame-hdr -m elf_x86_64 -export-dynamic -dynamic-linker /lib64/ld-linux-x86-64.so.2 -o cmTC_d0289 /opt/anaconda3/bin/../lib/gcc/x86_64-pc-linux-gnu/7.2.0/crt1.o /opt/anaconda3/bin/../lib/gcc/x86_64-pc-linux-gnu/7.2.0/crti.o /opt/anaconda3/bin/../lib/gcc/x86_64-pc-linux-gnu/7.2.0/crtbegin.o -L/opt/anaconda3/bin/../lib/gcc/x86_64-pc-linux-gnu/7.2.0 -L/opt/anaconda3/bin/../lib/gcc -L/lib/../lib64 -L/usr/lib/../lib64 -L/opt/anaconda3/bin/../lib/gcc/x86_64-pc-linux-gnu/7.2.0/../../.. -L/usr/local/lib/x86_64-linux-gnu -L/lib/x86_64-linux-gnu -L/usr/lib/x86_64-linux-gnu -L/usr/lib/x86_64-linux-gnu64 -L/usr/local/lib64 -L/lib64 -L/usr/lib64 -L/usr/local/lib -L/lib -L/usr/lib -L/usr/x86_64-linux-gnu/lib64 -L/usr/x86_64-linux-gnu/lib CMakeFiles/cmTC_d0289.dir/CMakeCCompilerABI.c.o -lgcc --as-needed -lgcc_s --no-as-needed -lc -lgcc --as-needed -lgcc_s --no-as-needed /opt/anaconda3/bin/../lib/gcc/x86_64-pc-linux-gnu/7.2.0/crtend.o /opt/anaconda3/bin/../lib/gcc/x86_64-pc-linux-gnu/7.2.0/crtn.o]
    arg [/opt/anaconda3/bin/../gcc/libexec/gcc/x86_64-pc-linux-gnu/7.2.0/collect2] ==> ignore
    arg [-plugin] ==> ignore
    arg [/opt/anaconda3/bin/../gcc/libexec/gcc/x86_64-pc-linux-gnu/7.2.0/liblto_plugin.so] ==> ignore
    arg [-plugin-opt=/opt/anaconda3/bin/../gcc/libexec/gcc/x86_64-pc-linux-gnu/7.2.0/lto-wrapper] ==> ignore
    arg [-plugin-opt=-fresolution=/tmp/ccNBqU5q.res] ==> ignore
    arg [-plugin-opt=-pass-through=-lgcc] ==> ignore
    arg [-plugin-opt=-pass-through=-lgcc_s] ==> ignore
    arg [-plugin-opt=-pass-through=-lc] ==> ignore
    arg [-plugin-opt=-pass-through=-lgcc] ==> ignore
    arg [-plugin-opt=-pass-through=-lgcc_s] ==> ignore
    arg [--eh-frame-hdr] ==> ignore
    arg [-m] ==> ignore
    arg [elf_x86_64] ==> ignore
    arg [-export-dynamic] ==> ignore
    arg [-dynamic-linker] ==> ignore
    arg [/lib64/ld-linux-x86-64.so.2] ==> ignore
    arg [-o] ==> ignore
    arg [cmTC_d0289] ==> ignore
    arg [/opt/anaconda3/bin/../lib/gcc/x86_64-pc-linux-gnu/7.2.0/crt1.o] ==> ignore
    arg [/opt/anaconda3/bin/../lib/gcc/x86_64-pc-linux-gnu/7.2.0/crti.o] ==> ignore
    arg [/opt/anaconda3/bin/../lib/gcc/x86_64-pc-linux-gnu/7.2.0/crtbegin.o] ==> ignore
    arg [-L/opt/anaconda3/bin/../lib/gcc/x86_64-pc-linux-gnu/7.2.0] ==> dir [/opt/anaconda3/bin/../lib/gcc/x86_64-pc-linux-gnu/7.2.0]
    arg [-L/opt/anaconda3/bin/../lib/gcc] ==> dir [/opt/anaconda3/bin/../lib/gcc]
    arg [-L/lib/../lib64] ==> dir [/lib/../lib64]
    arg [-L/usr/lib/../lib64] ==> dir [/usr/lib/../lib64]
    arg [-L/opt/anaconda3/bin/../lib/gcc/x86_64-pc-linux-gnu/7.2.0/../../..] ==> dir [/opt/anaconda3/bin/../lib/gcc/x86_64-pc-linux-gnu/7.2.0/../../..]
    arg [-L/usr/local/lib/x86_64-linux-gnu] ==> dir [/usr/local/lib/x86_64-linux-gnu]
    arg [-L/lib/x86_64-linux-gnu] ==> dir [/lib/x86_64-linux-gnu]
    arg [-L/usr/lib/x86_64-linux-gnu] ==> dir [/usr/lib/x86_64-linux-gnu]
    arg [-L/usr/lib/x86_64-linux-gnu64] ==> dir [/usr/lib/x86_64-linux-gnu64]
    arg [-L/usr/local/lib64] ==> dir [/usr/local/lib64]
    arg [-L/lib64] ==> dir [/lib64]
    arg [-L/usr/lib64] ==> dir [/usr/lib64]
    arg [-L/usr/local/lib] ==> dir [/usr/local/lib]
    arg [-L/lib] ==> dir [/lib]
    arg [-L/usr/lib] ==> dir [/usr/lib]
    arg [-L/usr/x86_64-linux-gnu/lib64] ==> dir [/usr/x86_64-linux-gnu/lib64]
    arg [-L/usr/x86_64-linux-gnu/lib] ==> dir [/usr/x86_64-linux-gnu/lib]
    arg [CMakeFiles/cmTC_d0289.dir/CMakeCCompilerABI.c.o] ==> ignore
    arg [-lgcc] ==> lib [gcc]
    arg [--as-needed] ==> ignore
    arg [-lgcc_s] ==> lib [gcc_s]
    arg [--no-as-needed] ==> ignore
    arg [-lc] ==> lib [c]
    arg [-lgcc] ==> lib [gcc]
    arg [--as-needed] ==> ignore
    arg [-lgcc_s] ==> lib [gcc_s]
    arg [--no-as-needed] ==> ignore
    arg [/opt/anaconda3/bin/../lib/gcc/x86_64-pc-linux-gnu/7.2.0/crtend.o] ==> ignore
    arg [/opt/anaconda3/bin/../lib/gcc/x86_64-pc-linux-gnu/7.2.0/crtn.o] ==> ignore
  collapse library dir [/opt/anaconda3/bin/../lib/gcc/x86_64-pc-linux-gnu/7.2.0] ==> [/opt/anaconda3/lib/gcc/x86_64-pc-linux-gnu/7.2.0]
  collapse library dir [/opt/anaconda3/bin/../lib/gcc] ==> [/opt/anaconda3/lib/gcc]
  collapse library dir [/lib/../lib64] ==> [/lib64]
  collapse library dir [/usr/lib/../lib64] ==> [/usr/lib64]
  collapse library dir [/opt/anaconda3/bin/../lib/gcc/x86_64-pc-linux-gnu/7.2.0/../../..] ==> [/opt/anaconda3/lib]
  collapse library dir [/usr/local/lib/x86_64-linux-gnu] ==> [/usr/local/lib/x86_64-linux-gnu]
  collapse library dir [/lib/x86_64-linux-gnu] ==> [/lib/x86_64-linux-gnu]
  collapse library dir [/usr/lib/x86_64-linux-gnu] ==> [/usr/lib/x86_64-linux-gnu]
  collapse library dir [/usr/lib/x86_64-linux-gnu64] ==> [/usr/lib/x86_64-linux-gnu64]
  collapse library dir [/usr/local/lib64] ==> [/usr/local/lib64]
  collapse library dir [/lib64] ==> [/lib64]
  collapse library dir [/usr/lib64] ==> [/usr/lib64]
  collapse library dir [/usr/local/lib] ==> [/usr/local/lib]
  collapse library dir [/lib] ==> [/lib]
  collapse library dir [/usr/lib] ==> [/usr/lib]
  collapse library dir [/usr/x86_64-linux-gnu/lib64] ==> [/usr/x86_64-linux-gnu/lib64]
  collapse library dir [/usr/x86_64-linux-gnu/lib] ==> [/usr/x86_64-linux-gnu/lib]
  implicit libs: [gcc;gcc_s;c;gcc;gcc_s]
  implicit dirs: [/opt/anaconda3/lib/gcc/x86_64-pc-linux-gnu/7.2.0;/opt/anaconda3/lib/gcc;/lib64;/usr/lib64;/opt/anaconda3/lib;/usr/local/lib/x86_64-linux-gnu;/lib/x86_64-linux-gnu;/usr/lib/x86_64-linux-gnu;/usr/lib/x86_64-linux-gnu64;/usr/local/lib64;/usr/local/lib;/lib;/usr/lib;/usr/x86_64-linux-gnu/lib64;/usr/x86_64-linux-gnu/lib]
  implicit fwks: []




Detecting C [-std=c11] compiler features compiled with the following output:
Change Dir: /home/thor/Nextcloud/Scolaire/Ecole/ETHZ/Cours/Parallel Computing/project/code/CMakeFiles/CMakeTmp

Run Build Command:"/usr/bin/make" "cmTC_8e580/fast"
/usr/bin/make -f CMakeFiles/cmTC_8e580.dir/build.make CMakeFiles/cmTC_8e580.dir/build
make[1] : on entre dans le répertoire « /home/thor/Nextcloud/Scolaire/Ecole/ETHZ/Cours/Parallel Computing/project/code/CMakeFiles/CMakeTmp »
Building C object CMakeFiles/cmTC_8e580.dir/feature_tests.c.o
/opt/anaconda3/bin/cc   -std=c11 -o CMakeFiles/cmTC_8e580.dir/feature_tests.c.o   -c "/home/thor/Nextcloud/Scolaire/Ecole/ETHZ/Cours/Parallel Computing/project/code/CMakeFiles/feature_tests.c"
Linking C executable cmTC_8e580
/usr/bin/cmake -E cmake_link_script CMakeFiles/cmTC_8e580.dir/link.txt --verbose=1
/opt/anaconda3/bin/cc      -rdynamic CMakeFiles/cmTC_8e580.dir/feature_tests.c.o  -o cmTC_8e580 
make[1] : on quitte le répertoire « /home/thor/Nextcloud/Scolaire/Ecole/ETHZ/Cours/Parallel Computing/project/code/CMakeFiles/CMakeTmp »


    Feature record: C_FEATURE:1c_function_prototypes
    Feature record: C_FEATURE:1c_restrict
    Feature record: C_FEATURE:1c_static_assert
    Feature record: C_FEATURE:1c_variadic_macros


Detecting C [-std=c99] compiler features compiled with the following output:
Change Dir: /home/thor/Nextcloud/Scolaire/Ecole/ETHZ/Cours/Parallel Computing/project/code/CMakeFiles/CMakeTmp

Run Build Command:"/usr/bin/make" "cmTC_84e70/fast"
/usr/bin/make -f CMakeFiles/cmTC_84e70.dir/build.make CMakeFiles/cmTC_84e70.dir/build
make[1] : on entre dans le répertoire « /home/thor/Nextcloud/Scolaire/Ecole/ETHZ/Cours/Parallel Computing/project/code/CMakeFiles/CMakeTmp »
Building C object CMakeFiles/cmTC_84e70.dir/feature_tests.c.o
/opt/anaconda3/bin/cc   -std=c99 -o CMakeFiles/cmTC_84e70.dir/feature_tests.c.o   -c "/home/thor/Nextcloud/Scolaire/Ecole/ETHZ/Cours/Parallel Computing/project/code/CMakeFiles/feature_tests.c"
Linking C executable cmTC_84e70
/usr/bin/cmake -E cmake_link_script CMakeFiles/cmTC_84e70.dir/link.txt --verbose=1
/opt/anaconda3/bin/cc      -rdynamic CMakeFiles/cmTC_84e70.dir/feature_tests.c.o  -o cmTC_84e70 
make[1] : on quitte le répertoire « /home/thor/Nextcloud/Scolaire/Ecole/ETHZ/Cours/Parallel Computing/project/code/CMakeFiles/CMakeTmp »


    Feature record: C_FEATURE:1c_function_prototypes
    Feature record: C_FEATURE:1c_restrict
    Feature record: C_FEATURE:0c_static_assert
    Feature record: C_FEATURE:1c_variadic_macros


Detecting C [-std=c90] compiler features compiled with the following output:
Change Dir: /home/thor/Nextcloud/Scolaire/Ecole/ETHZ/Cours/Parallel Computing/project/code/CMakeFiles/CMakeTmp

Run Build Command:"/usr/bin/make" "cmTC_20787/fast"
/usr/bin/make -f CMakeFiles/cmTC_20787.dir/build.make CMakeFiles/cmTC_20787.dir/build
make[1] : on entre dans le répertoire « /home/thor/Nextcloud/Scolaire/Ecole/ETHZ/Cours/Parallel Computing/project/code/CMakeFiles/CMakeTmp »
Building C object CMakeFiles/cmTC_20787.dir/feature_tests.c.o
/opt/anaconda3/bin/cc   -std=c90 -o CMakeFiles/cmTC_20787.dir/feature_tests.c.o   -c "/home/thor/Nextcloud/Scolaire/Ecole/ETHZ/Cours/Parallel Computing/project/code/CMakeFiles/feature_tests.c"
Linking C executable cmTC_20787
/usr/bin/cmake -E cmake_link_script CMakeFiles/cmTC_20787.dir/link.txt --verbose=1
/opt/anaconda3/bin/cc      -rdynamic CMakeFiles/cmTC_20787.dir/feature_tests.c.o  -o cmTC_20787 
make[1] : on quitte le répertoire « /home/thor/Nextcloud/Scolaire/Ecole/ETHZ/Cours/Parallel Computing/project/code/CMakeFiles/CMakeTmp »


    Feature record: C_FEATURE:1c_function_prototypes
    Feature record: C_FEATURE:0c_restrict
    Feature record: C_FEATURE:0c_static_assert
    Feature record: C_FEATURE:0c_variadic_macros
Determining if the CXX compiler works passed with the following output:
Change Dir: /home/thor/Nextcloud/Scolaire/Ecole/ETHZ/Cours/Parallel Computing/project/code/CMakeFiles/CMakeTmp

Run Build Command:"/usr/bin/make" "cmTC_b2cba/fast"
/usr/bin/make -f CMakeFiles/cmTC_b2cba.dir/build.make CMakeFiles/cmTC_b2cba.dir/build
make[1] : on entre dans le répertoire « /home/thor/Nextcloud/Scolaire/Ecole/ETHZ/Cours/Parallel Computing/project/code/CMakeFiles/CMakeTmp »
Building CXX object CMakeFiles/cmTC_b2cba.dir/testCXXCompiler.cxx.o
/opt/anaconda3/bin/c++     -o CMakeFiles/cmTC_b2cba.dir/testCXXCompiler.cxx.o -c "/home/thor/Nextcloud/Scolaire/Ecole/ETHZ/Cours/Parallel Computing/project/code/CMakeFiles/CMakeTmp/testCXXCompiler.cxx"
Linking CXX executable cmTC_b2cba
/usr/bin/cmake -E cmake_link_script CMakeFiles/cmTC_b2cba.dir/link.txt --verbose=1
/opt/anaconda3/bin/c++       -rdynamic CMakeFiles/cmTC_b2cba.dir/testCXXCompiler.cxx.o  -o cmTC_b2cba 
make[1] : on quitte le répertoire « /home/thor/Nextcloud/Scolaire/Ecole/ETHZ/Cours/Parallel Computing/project/code/CMakeFiles/CMakeTmp »


Detecting CXX compiler ABI info compiled with the following output:
Change Dir: /home/thor/Nextcloud/Scolaire/Ecole/ETHZ/Cours/Parallel Computing/project/code/CMakeFiles/CMakeTmp

Run Build Command:"/usr/bin/make" "cmTC_d7d96/fast"
/usr/bin/make -f CMakeFiles/cmTC_d7d96.dir/build.make CMakeFiles/cmTC_d7d96.dir/build
make[1] : on entre dans le répertoire « /home/thor/Nextcloud/Scolaire/Ecole/ETHZ/Cours/Parallel Computing/project/code/CMakeFiles/CMakeTmp »
Building CXX object CMakeFiles/cmTC_d7d96.dir/CMakeCXXCompilerABI.cpp.o
/opt/anaconda3/bin/c++     -o CMakeFiles/cmTC_d7d96.dir/CMakeCXXCompilerABI.cpp.o -c /usr/share/cmake-3.12/Modules/CMakeCXXCompilerABI.cpp
Linking CXX executable cmTC_d7d96
/usr/bin/cmake -E cmake_link_script CMakeFiles/cmTC_d7d96.dir/link.txt --verbose=1
/opt/anaconda3/bin/c++      -v -rdynamic CMakeFiles/cmTC_d7d96.dir/CMakeCXXCompilerABI.cpp.o  -o cmTC_d7d96 
Lecture des spécifications à partir de /opt/anaconda3/bin/../lib/gcc/x86_64-pc-linux-gnu/7.2.0/specs
COLLECT_GCC=/opt/anaconda3/bin/c++
COLLECT_LTO_WRAPPER=/opt/anaconda3/bin/../gcc/libexec/gcc/x86_64-pc-linux-gnu/7.2.0/lto-wrapper
Cible : x86_64-pc-linux-gnu
Configuré avec: ./configure --prefix=/feedstock_root/build_artefacts/gcc-7_1511896968119/_b_env_placehold_placehold_placehold_placehold_placehold_placehold_placehold_placehold_placehold_placehold_placehold_placehold_placehold_placehold_placehold_placehold_placehold_placehold_placehold_placeh/gcc --with-gxx-include-dir=/feedstock_root/build_artefacts/gcc-7_1511896968119/_b_env_placehold_placehold_placehold_placehold_placehold_placehold_placehold_placehold_placehold_placehold_placehold_placehold_placehold_placehold_placehold_placehold_placehold_placehold_placehold_placeh/gcc/include/c++ --bindir=/feedstock_root/build_artefacts/gcc-7_1511896968119/_b_env_placehold_placehold_placehold_placehold_placehold_placehold_placehold_placehold_placehold_placehold_placehold_placehold_placehold_placehold_placehold_placehold_placehold_placehold_placehold_placeh/bin --datarootdir=/feedstock_root/build_artefacts/gcc-7_1511896968119/_b_env_placehold_placehold_placehold_placehold_placehold_placehold_placehold_placehold_placehold_placehold_placehold_placehold_placehold_placehold_placehold_placehold_placehold_placehold_placehold_placeh/share --libdir=/feedstock_root/build_artefacts/gcc-7_1511896968119/_b_env_placehold_placehold_placehold_placehold_placehold_placehold_placehold_placehold_placehold_placehold_placehold_placehold_placehold_placehold_placehold_placehold_placehold_placehold_placehold_placeh/lib --with-gmp=/feedstock_root/build_artefacts/gcc-7_1511896968119/_b_env_placehold_placehold_placehold_placehold_placehold_placehold_placehold_placehold_placehold_placehold_placehold_placehold_placehold_placehold_placehold_placehold_placehold_placehold_placehold_placeh --with-mpfr=/feedstock_root/build_artefacts/gcc-7_1511896968119/_b_env_placehold_placehold_placehold_placehold_placehold_placehold_placehold_placehold_placehold_placehold_placehold_placehold_placehold_placehold_placehold_placehold_placehold_placehold_placehold_placeh --with-mpc=/feedstock_root/build_artefacts/gcc-7_1511896968119/_b_env_placehold_placehold_placehold_placehold_placehold_placehold_placehold_placehold_placehold_placehold_placehold_placehold_placehold_placehold_placehold_placehold_placehold_placehold_placehold_placeh --with-isl=/feedstock_root/build_artefacts/gcc-7_1511896968119/_b_env_placehold_placehold_placehold_placehold_placehold_placehold_placehold_placehold_placehold_placehold_placehold_placehold_placehold_placehold_placehold_placehold_placehold_placehold_placehold_placeh --with-cloog=/feedstock_root/build_artefacts/gcc-7_1511896968119/_b_env_placehold_placehold_placehold_placehold_placehold_placehold_placehold_placehold_placehold_placehold_placehold_placehold_placehold_placehold_placehold_placehold_placehold_placehold_placehold_placeh --enable-checking=release --with-tune=generic --disable-multilib
Modèle de thread: posix
gcc version 7.2.0 (GCC) 
COMPILER_PATH=/opt/anaconda3/bin/../gcc/libexec/gcc/x86_64-pc-linux-gnu/7.2.0/:/opt/anaconda3/bin/../gcc/libexec/gcc/
LIBRARY_PATH=/opt/anaconda3/bin/../lib/gcc/x86_64-pc-linux-gnu/7.2.0/:/opt/anaconda3/bin/../lib/gcc/:/lib/../lib64/:/usr/lib/../lib64/:/opt/anaconda3/bin/../lib/gcc/x86_64-pc-linux-gnu/7.2.0/../../../:/lib/:/usr/lib/
COLLECT_GCC_OPTIONS='-v' '-rdynamic' '-o' 'cmTC_d7d96' '-shared-libgcc' '-mtune=generic' '-march=x86-64'
 /opt/anaconda3/bin/../gcc/libexec/gcc/x86_64-pc-linux-gnu/7.2.0/collect2 -plugin /opt/anaconda3/bin/../gcc/libexec/gcc/x86_64-pc-linux-gnu/7.2.0/liblto_plugin.so -plugin-opt=/opt/anaconda3/bin/../gcc/libexec/gcc/x86_64-pc-linux-gnu/7.2.0/lto-wrapper -plugin-opt=-fresolution=/tmp/cc8PMmKT.res -plugin-opt=-pass-through=-lgcc_s -plugin-opt=-pass-through=-lgcc -plugin-opt=-pass-through=-lc -plugin-opt=-pass-through=-lgcc_s -plugin-opt=-pass-through=-lgcc --eh-frame-hdr -m elf_x86_64 -export-dynamic -dynamic-linker /lib64/ld-linux-x86-64.so.2 -o cmTC_d7d96 /opt/anaconda3/bin/../lib/gcc/x86_64-pc-linux-gnu/7.2.0/crt1.o /opt/anaconda3/bin/../lib/gcc/x86_64-pc-linux-gnu/7.2.0/crti.o /opt/anaconda3/bin/../lib/gcc/x86_64-pc-linux-gnu/7.2.0/crtbegin.o -L/opt/anaconda3/bin/../lib/gcc/x86_64-pc-linux-gnu/7.2.0 -L/opt/anaconda3/bin/../lib/gcc -L/lib/../lib64 -L/usr/lib/../lib64 -L/opt/anaconda3/bin/../lib/gcc/x86_64-pc-linux-gnu/7.2.0/../../.. -L/usr/local/lib/x86_64-linux-gnu -L/lib/x86_64-linux-gnu -L/usr/lib/x86_64-linux-gnu -L/usr/lib/x86_64-linux-gnu64 -L/usr/local/lib64 -L/lib64 -L/usr/lib64 -L/usr/local/lib -L/lib -L/usr/lib -L/usr/x86_64-linux-gnu/lib64 -L/usr/x86_64-linux-gnu/lib CMakeFiles/cmTC_d7d96.dir/CMakeCXXCompilerABI.cpp.o -lstdc++ -lm -lgcc_s -lgcc -lc -lgcc_s -lgcc /opt/anaconda3/bin/../lib/gcc/x86_64-pc-linux-gnu/7.2.0/crtend.o /opt/anaconda3/bin/../lib/gcc/x86_64-pc-linux-gnu/7.2.0/crtn.o
COLLECT_GCC_OPTIONS='-v' '-rdynamic' '-o' 'cmTC_d7d96' '-shared-libgcc' '-mtune=generic' '-march=x86-64'
make[1] : on quitte le répertoire « /home/thor/Nextcloud/Scolaire/Ecole/ETHZ/Cours/Parallel Computing/project/code/CMakeFiles/CMakeTmp »


Parsed CXX implicit link information from above output:
  link line regex: [^( *|.*[/\])(ld|CMAKE_LINK_STARTFILE-NOTFOUND|([^/\]+-)?ld|collect2)[^/\]*( |$)]
  ignore line: [Change Dir: /home/thor/Nextcloud/Scolaire/Ecole/ETHZ/Cours/Parallel Computing/project/code/CMakeFiles/CMakeTmp]
  ignore line: []
  ignore line: [Run Build Command:"/usr/bin/make" "cmTC_d7d96/fast"]
  ignore line: [/usr/bin/make -f CMakeFiles/cmTC_d7d96.dir/build.make CMakeFiles/cmTC_d7d96.dir/build]
  ignore line: [make[1] : on entre dans le répertoire « /home/thor/Nextcloud/Scolaire/Ecole/ETHZ/Cours/Parallel Computing/project/code/CMakeFiles/CMakeTmp »]
  ignore line: [Building CXX object CMakeFiles/cmTC_d7d96.dir/CMakeCXXCompilerABI.cpp.o]
  ignore line: [/opt/anaconda3/bin/c++     -o CMakeFiles/cmTC_d7d96.dir/CMakeCXXCompilerABI.cpp.o -c /usr/share/cmake-3.12/Modules/CMakeCXXCompilerABI.cpp]
  ignore line: [Linking CXX executable cmTC_d7d96]
  ignore line: [/usr/bin/cmake -E cmake_link_script CMakeFiles/cmTC_d7d96.dir/link.txt --verbose=1]
  ignore line: [/opt/anaconda3/bin/c++      -v -rdynamic CMakeFiles/cmTC_d7d96.dir/CMakeCXXCompilerABI.cpp.o  -o cmTC_d7d96 ]
  ignore line: [Lecture des spécifications à partir de /opt/anaconda3/bin/../lib/gcc/x86_64-pc-linux-gnu/7.2.0/specs]
  ignore line: [COLLECT_GCC=/opt/anaconda3/bin/c++]
  ignore line: [COLLECT_LTO_WRAPPER=/opt/anaconda3/bin/../gcc/libexec/gcc/x86_64-pc-linux-gnu/7.2.0/lto-wrapper]
  ignore line: [Cible : x86_64-pc-linux-gnu]
  ignore line: [Configuré avec: ./configure --prefix=/feedstock_root/build_artefacts/gcc-7_1511896968119/_b_env_placehold_placehold_placehold_placehold_placehold_placehold_placehold_placehold_placehold_placehold_placehold_placehold_placehold_placehold_placehold_placehold_placehold_placehold_placehold_placeh/gcc --with-gxx-include-dir=/feedstock_root/build_artefacts/gcc-7_1511896968119/_b_env_placehold_placehold_placehold_placehold_placehold_placehold_placehold_placehold_placehold_placehold_placehold_placehold_placehold_placehold_placehold_placehold_placehold_placehold_placehold_placeh/gcc/include/c++ --bindir=/feedstock_root/build_artefacts/gcc-7_1511896968119/_b_env_placehold_placehold_placehold_placehold_placehold_placehold_placehold_placehold_placehold_placehold_placehold_placehold_placehold_placehold_placehold_placehold_placehold_placehold_placehold_placeh/bin --datarootdir=/feedstock_root/build_artefacts/gcc-7_1511896968119/_b_env_placehold_placehold_placehold_placehold_placehold_placehold_placehold_placehold_placehold_placehold_placehold_placehold_placehold_placehold_placehold_placehold_placehold_placehold_placehold_placeh/share --libdir=/feedstock_root/build_artefacts/gcc-7_1511896968119/_b_env_placehold_placehold_placehold_placehold_placehold_placehold_placehold_placehold_placehold_placehold_placehold_placehold_placehold_placehold_placehold_placehold_placehold_placehold_placehold_placeh/lib --with-gmp=/feedstock_root/build_artefacts/gcc-7_1511896968119/_b_env_placehold_placehold_placehold_placehold_placehold_placehold_placehold_placehold_placehold_placehold_placehold_placehold_placehold_placehold_placehold_placehold_placehold_placehold_placehold_placeh --with-mpfr=/feedstock_root/build_artefacts/gcc-7_1511896968119/_b_env_placehold_placehold_placehold_placehold_placehold_placehold_placehold_placehold_placehold_placehold_placehold_placehold_placehold_placehold_placehold_placehold_placehold_placehold_placehold_placeh --with-mpc=/feedstock_root/build_artefacts/gcc-7_1511896968119/_b_env_placehold_placehold_placehold_placehold_placehold_placehold_placehold_placehold_placehold_placehold_placehold_placehold_placehold_placehold_placehold_placehold_placehold_placehold_placehold_placeh --with-isl=/feedstock_root/build_artefacts/gcc-7_1511896968119/_b_env_placehold_placehold_placehold_placehold_placehold_placehold_placehold_placehold_placehold_placehold_placehold_placehold_placehold_placehold_placehold_placehold_placehold_placehold_placehold_placeh --with-cloog=/feedstock_root/build_artefacts/gcc-7_1511896968119/_b_env_placehold_placehold_placehold_placehold_placehold_placehold_placehold_placehold_placehold_placehold_placehold_placehold_placehold_placehold_placehold_placehold_placehold_placehold_placehold_placeh --enable-checking=release --with-tune=generic --disable-multilib]
  ignore line: [Modèle de thread: posix]
  ignore line: [gcc version 7.2.0 (GCC) ]
  ignore line: [COMPILER_PATH=/opt/anaconda3/bin/../gcc/libexec/gcc/x86_64-pc-linux-gnu/7.2.0/:/opt/anaconda3/bin/../gcc/libexec/gcc/]
  ignore line: [LIBRARY_PATH=/opt/anaconda3/bin/../lib/gcc/x86_64-pc-linux-gnu/7.2.0/:/opt/anaconda3/bin/../lib/gcc/:/lib/../lib64/:/usr/lib/../lib64/:/opt/anaconda3/bin/../lib/gcc/x86_64-pc-linux-gnu/7.2.0/../../../:/lib/:/usr/lib/]
  ignore line: [COLLECT_GCC_OPTIONS='-v' '-rdynamic' '-o' 'cmTC_d7d96' '-shared-libgcc' '-mtune=generic' '-march=x86-64']
  link line: [ /opt/anaconda3/bin/../gcc/libexec/gcc/x86_64-pc-linux-gnu/7.2.0/collect2 -plugin /opt/anaconda3/bin/../gcc/libexec/gcc/x86_64-pc-linux-gnu/7.2.0/liblto_plugin.so -plugin-opt=/opt/anaconda3/bin/../gcc/libexec/gcc/x86_64-pc-linux-gnu/7.2.0/lto-wrapper -plugin-opt=-fresolution=/tmp/cc8PMmKT.res -plugin-opt=-pass-through=-lgcc_s -plugin-opt=-pass-through=-lgcc -plugin-opt=-pass-through=-lc -plugin-opt=-pass-through=-lgcc_s -plugin-opt=-pass-through=-lgcc --eh-frame-hdr -m elf_x86_64 -export-dynamic -dynamic-linker /lib64/ld-linux-x86-64.so.2 -o cmTC_d7d96 /opt/anaconda3/bin/../lib/gcc/x86_64-pc-linux-gnu/7.2.0/crt1.o /opt/anaconda3/bin/../lib/gcc/x86_64-pc-linux-gnu/7.2.0/crti.o /opt/anaconda3/bin/../lib/gcc/x86_64-pc-linux-gnu/7.2.0/crtbegin.o -L/opt/anaconda3/bin/../lib/gcc/x86_64-pc-linux-gnu/7.2.0 -L/opt/anaconda3/bin/../lib/gcc -L/lib/../lib64 -L/usr/lib/../lib64 -L/opt/anaconda3/bin/../lib/gcc/x86_64-pc-linux-gnu/7.2.0/../../.. -L/usr/local/lib/x86_64-linux-gnu -L/lib/x86_64-linux-gnu -L/usr/lib/x86_64-linux-gnu -L/usr/lib/x86_64-linux-gnu64 -L/usr/local/lib64 -L/lib64 -L/usr/lib64 -L/usr/local/lib -L/lib -L/usr/lib -L/usr/x86_64-linux-gnu/lib64 -L/usr/x86_64-linux-gnu/lib CMakeFiles/cmTC_d7d96.dir/CMakeCXXCompilerABI.cpp.o -lstdc++ -lm -lgcc_s -lgcc -lc -lgcc_s -lgcc /opt/anaconda3/bin/../lib/gcc/x86_64-pc-linux-gnu/7.2.0/crtend.o /opt/anaconda3/bin/../lib/gcc/x86_64-pc-linux-gnu/7.2.0/crtn.o]
    arg [/opt/anaconda3/bin/../gcc/libexec/gcc/x86_64-pc-linux-gnu/7.2.0/collect2] ==> ignore
    arg [-plugin] ==> ignore
    arg [/opt/anaconda3/bin/../gcc/libexec/gcc/x86_64-pc-linux-gnu/7.2.0/liblto_plugin.so] ==> ignore
    arg [-plugin-opt=/opt/anaconda3/bin/../gcc/libexec/gcc/x86_64-pc-linux-gnu/7.2.0/lto-wrapper] ==> ignore
    arg [-plugin-opt=-fresolution=/tmp/cc8PMmKT.res] ==> ignore
    arg [-plugin-opt=-pass-through=-lgcc_s] ==> ignore
    arg [-plugin-opt=-pass-through=-lgcc] ==> ignore
    arg [-plugin-opt=-pass-through=-lc] ==> ignore
    arg [-plugin-opt=-pass-through=-lgcc_s] ==> ignore
    arg [-plugin-opt=-pass-through=-lgcc] ==> ignore
    arg [--eh-frame-hdr] ==> ignore
    arg [-m] ==> ignore
    arg [elf_x86_64] ==> ignore
    arg [-export-dynamic] ==> ignore
    arg [-dynamic-linker] ==> ignore
    arg [/lib64/ld-linux-x86-64.so.2] ==> ignore
    arg [-o] ==> ignore
    arg [cmTC_d7d96] ==> ignore
    arg [/opt/anaconda3/bin/../lib/gcc/x86_64-pc-linux-gnu/7.2.0/crt1.o] ==> ignore
    arg [/opt/anaconda3/bin/../lib/gcc/x86_64-pc-linux-gnu/7.2.0/crti.o] ==> ignore
    arg [/opt/anaconda3/bin/../lib/gcc/x86_64-pc-linux-gnu/7.2.0/crtbegin.o] ==> ignore
    arg [-L/opt/anaconda3/bin/../lib/gcc/x86_64-pc-linux-gnu/7.2.0] ==> dir [/opt/anaconda3/bin/../lib/gcc/x86_64-pc-linux-gnu/7.2.0]
    arg [-L/opt/anaconda3/bin/../lib/gcc] ==> dir [/opt/anaconda3/bin/../lib/gcc]
    arg [-L/lib/../lib64] ==> dir [/lib/../lib64]
    arg [-L/usr/lib/../lib64] ==> dir [/usr/lib/../lib64]
    arg [-L/opt/anaconda3/bin/../lib/gcc/x86_64-pc-linux-gnu/7.2.0/../../..] ==> dir [/opt/anaconda3/bin/../lib/gcc/x86_64-pc-linux-gnu/7.2.0/../../..]
    arg [-L/usr/local/lib/x86_64-linux-gnu] ==> dir [/usr/local/lib/x86_64-linux-gnu]
    arg [-L/lib/x86_64-linux-gnu] ==> dir [/lib/x86_64-linux-gnu]
    arg [-L/usr/lib/x86_64-linux-gnu] ==> dir [/usr/lib/x86_64-linux-gnu]
    arg [-L/usr/lib/x86_64-linux-gnu64] ==> dir [/usr/lib/x86_64-linux-gnu64]
    arg [-L/usr/local/lib64] ==> dir [/usr/local/lib64]
    arg [-L/lib64] ==> dir [/lib64]
    arg [-L/usr/lib64] ==> dir [/usr/lib64]
    arg [-L/usr/local/lib] ==> dir [/usr/local/lib]
    arg [-L/lib] ==> dir [/lib]
    arg [-L/usr/lib] ==> dir [/usr/lib]
    arg [-L/usr/x86_64-linux-gnu/lib64] ==> dir [/usr/x86_64-linux-gnu/lib64]
    arg [-L/usr/x86_64-linux-gnu/lib] ==> dir [/usr/x86_64-linux-gnu/lib]
    arg [CMakeFiles/cmTC_d7d96.dir/CMakeCXXCompilerABI.cpp.o] ==> ignore
    arg [-lstdc++] ==> lib [stdc++]
    arg [-lm] ==> lib [m]
    arg [-lgcc_s] ==> lib [gcc_s]
    arg [-lgcc] ==> lib [gcc]
    arg [-lc] ==> lib [c]
    arg [-lgcc_s] ==> lib [gcc_s]
    arg [-lgcc] ==> lib [gcc]
    arg [/opt/anaconda3/bin/../lib/gcc/x86_64-pc-linux-gnu/7.2.0/crtend.o] ==> ignore
    arg [/opt/anaconda3/bin/../lib/gcc/x86_64-pc-linux-gnu/7.2.0/crtn.o] ==> ignore
  collapse library dir [/opt/anaconda3/bin/../lib/gcc/x86_64-pc-linux-gnu/7.2.0] ==> [/opt/anaconda3/lib/gcc/x86_64-pc-linux-gnu/7.2.0]
  collapse library dir [/opt/anaconda3/bin/../lib/gcc] ==> [/opt/anaconda3/lib/gcc]
  collapse library dir [/lib/../lib64] ==> [/lib64]
  collapse library dir [/usr/lib/../lib64] ==> [/usr/lib64]
  collapse library dir [/opt/anaconda3/bin/../lib/gcc/x86_64-pc-linux-gnu/7.2.0/../../..] ==> [/opt/anaconda3/lib]
  collapse library dir [/usr/local/lib/x86_64-linux-gnu] ==> [/usr/local/lib/x86_64-linux-gnu]
  collapse library dir [/lib/x86_64-linux-gnu] ==> [/lib/x86_64-linux-gnu]
  collapse library dir [/usr/lib/x86_64-linux-gnu] ==> [/usr/lib/x86_64-linux-gnu]
  collapse library dir [/usr/lib/x86_64-linux-gnu64] ==> [/usr/lib/x86_64-linux-gnu64]
  collapse library dir [/usr/local/lib64] ==> [/usr/local/lib64]
  collapse library dir [/lib64] ==> [/lib64]
  collapse library dir [/usr/lib64] ==> [/usr/lib64]
  collapse library dir [/usr/local/lib] ==> [/usr/local/lib]
  collapse library dir [/lib] ==> [/lib]
  collapse library dir [/usr/lib] ==> [/usr/lib]
  collapse library dir [/usr/x86_64-linux-gnu/lib64] ==> [/usr/x86_64-linux-gnu/lib64]
  collapse library dir [/usr/x86_64-linux-gnu/lib] ==> [/usr/x86_64-linux-gnu/lib]
  implicit libs: [stdc++;m;gcc_s;gcc;c;gcc_s;gcc]
  implicit dirs: [/opt/anaconda3/lib/gcc/x86_64-pc-linux-gnu/7.2.0;/opt/anaconda3/lib/gcc;/lib64;/usr/lib64;/opt/anaconda3/lib;/usr/local/lib/x86_64-linux-gnu;/lib/x86_64-linux-gnu;/usr/lib/x86_64-linux-gnu;/usr/lib/x86_64-linux-gnu64;/usr/local/lib64;/usr/local/lib;/lib;/usr/lib;/usr/x86_64-linux-gnu/lib64;/usr/x86_64-linux-gnu/lib]
  implicit fwks: []




Detecting CXX [-std=c++1z] compiler features compiled with the following output:
Change Dir: /home/thor/Nextcloud/Scolaire/Ecole/ETHZ/Cours/Parallel Computing/project/code/CMakeFiles/CMakeTmp

Run Build Command:"/usr/bin/make" "cmTC_96eb6/fast"
/usr/bin/make -f CMakeFiles/cmTC_96eb6.dir/build.make CMakeFiles/cmTC_96eb6.dir/build
make[1] : on entre dans le répertoire « /home/thor/Nextcloud/Scolaire/Ecole/ETHZ/Cours/Parallel Computing/project/code/CMakeFiles/CMakeTmp »
Building CXX object CMakeFiles/cmTC_96eb6.dir/feature_tests.cxx.o
/opt/anaconda3/bin/c++    -std=c++1z -o CMakeFiles/cmTC_96eb6.dir/feature_tests.cxx.o -c "/home/thor/Nextcloud/Scolaire/Ecole/ETHZ/Cours/Parallel Computing/project/code/CMakeFiles/feature_tests.cxx"
Linking CXX executable cmTC_96eb6
/usr/bin/cmake -E cmake_link_script CMakeFiles/cmTC_96eb6.dir/link.txt --verbose=1
/opt/anaconda3/bin/c++       -rdynamic CMakeFiles/cmTC_96eb6.dir/feature_tests.cxx.o  -o cmTC_96eb6 
make[1] : on quitte le répertoire « /home/thor/Nextcloud/Scolaire/Ecole/ETHZ/Cours/Parallel Computing/project/code/CMakeFiles/CMakeTmp »


    Feature record: CXX_FEATURE:1cxx_aggregate_default_initializers
    Feature record: CXX_FEATURE:1cxx_alias_templates
    Feature record: CXX_FEATURE:1cxx_alignas
    Feature record: CXX_FEATURE:1cxx_alignof
    Feature record: CXX_FEATURE:1cxx_attributes
    Feature record: CXX_FEATURE:1cxx_attribute_deprecated
    Feature record: CXX_FEATURE:1cxx_auto_type
    Feature record: CXX_FEATURE:1cxx_binary_literals
    Feature record: CXX_FEATURE:1cxx_constexpr
    Feature record: CXX_FEATURE:1cxx_contextual_conversions
    Feature record: CXX_FEATURE:1cxx_decltype
    Feature record: CXX_FEATURE:1cxx_decltype_auto
    Feature record: CXX_FEATURE:1cxx_decltype_incomplete_return_types
    Feature record: CXX_FEATURE:1cxx_default_function_template_args
    Feature record: CXX_FEATURE:1cxx_defaulted_functions
    Feature record: CXX_FEATURE:1cxx_defaulted_move_initializers
    Feature record: CXX_FEATURE:1cxx_delegating_constructors
    Feature record: CXX_FEATURE:1cxx_deleted_functions
    Feature record: CXX_FEATURE:1cxx_digit_separators
    Feature record: CXX_FEATURE:1cxx_enum_forward_declarations
    Feature record: CXX_FEATURE:1cxx_explicit_conversions
    Feature record: CXX_FEATURE:1cxx_extended_friend_declarations
    Feature record: CXX_FEATURE:1cxx_extern_templates
    Feature record: CXX_FEATURE:1cxx_final
    Feature record: CXX_FEATURE:1cxx_func_identifier
    Feature record: CXX_FEATURE:1cxx_generalized_initializers
    Feature record: CXX_FEATURE:1cxx_generic_lambdas
    Feature record: CXX_FEATURE:1cxx_inheriting_constructors
    Feature record: CXX_FEATURE:1cxx_inline_namespaces
    Feature record: CXX_FEATURE:1cxx_lambdas
    Feature record: CXX_FEATURE:1cxx_lambda_init_captures
    Feature record: CXX_FEATURE:1cxx_local_type_template_args
    Feature record: CXX_FEATURE:1cxx_long_long_type
    Feature record: CXX_FEATURE:1cxx_noexcept
    Feature record: CXX_FEATURE:1cxx_nonstatic_member_init
    Feature record: CXX_FEATURE:1cxx_nullptr
    Feature record: CXX_FEATURE:1cxx_override
    Feature record: CXX_FEATURE:1cxx_range_for
    Feature record: CXX_FEATURE:1cxx_raw_string_literals
    Feature record: CXX_FEATURE:1cxx_reference_qualified_functions
    Feature record: CXX_FEATURE:1cxx_relaxed_constexpr
    Feature record: CXX_FEATURE:1cxx_return_type_deduction
    Feature record: CXX_FEATURE:1cxx_right_angle_brackets
    Feature record: CXX_FEATURE:1cxx_rvalue_references
    Feature record: CXX_FEATURE:1cxx_sizeof_member
    Feature record: CXX_FEATURE:1cxx_static_assert
    Feature record: CXX_FEATURE:1cxx_strong_enums
    Feature record: CXX_FEATURE:1cxx_template_template_parameters
    Feature record: CXX_FEATURE:1cxx_thread_local
    Feature record: CXX_FEATURE:1cxx_trailing_return_types
    Feature record: CXX_FEATURE:1cxx_unicode_literals
    Feature record: CXX_FEATURE:1cxx_uniform_initialization
    Feature record: CXX_FEATURE:1cxx_unrestricted_unions
    Feature record: CXX_FEATURE:1cxx_user_literals
    Feature record: CXX_FEATURE:1cxx_variable_templates
    Feature record: CXX_FEATURE:1cxx_variadic_macros
    Feature record: CXX_FEATURE:1cxx_variadic_templates


Detecting CXX [-std=c++14] compiler features compiled with the following output:
Change Dir: /home/thor/Nextcloud/Scolaire/Ecole/ETHZ/Cours/Parallel Computing/project/code/CMakeFiles/CMakeTmp

Run Build Command:"/usr/bin/make" "cmTC_06baf/fast"
/usr/bin/make -f CMakeFiles/cmTC_06baf.dir/build.make CMakeFiles/cmTC_06baf.dir/build
make[1] : on entre dans le répertoire « /home/thor/Nextcloud/Scolaire/Ecole/ETHZ/Cours/Parallel Computing/project/code/CMakeFiles/CMakeTmp »
Building CXX object CMakeFiles/cmTC_06baf.dir/feature_tests.cxx.o
/opt/anaconda3/bin/c++    -std=c++14 -o CMakeFiles/cmTC_06baf.dir/feature_tests.cxx.o -c "/home/thor/Nextcloud/Scolaire/Ecole/ETHZ/Cours/Parallel Computing/project/code/CMakeFiles/feature_tests.cxx"
Linking CXX executable cmTC_06baf
/usr/bin/cmake -E cmake_link_script CMakeFiles/cmTC_06baf.dir/link.txt --verbose=1
/opt/anaconda3/bin/c++       -rdynamic CMakeFiles/cmTC_06baf.dir/feature_tests.cxx.o  -o cmTC_06baf 
make[1] : on quitte le répertoire « /home/thor/Nextcloud/Scolaire/Ecole/ETHZ/Cours/Parallel Computing/project/code/CMakeFiles/CMakeTmp »


    Feature record: CXX_FEATURE:1cxx_aggregate_default_initializers
    Feature record: CXX_FEATURE:1cxx_alias_templates
    Feature record: CXX_FEATURE:1cxx_alignas
    Feature record: CXX_FEATURE:1cxx_alignof
    Feature record: CXX_FEATURE:1cxx_attributes
    Feature record: CXX_FEATURE:1cxx_attribute_deprecated
    Feature record: CXX_FEATURE:1cxx_auto_type
    Feature record: CXX_FEATURE:1cxx_binary_literals
    Feature record: CXX_FEATURE:1cxx_constexpr
    Feature record: CXX_FEATURE:1cxx_contextual_conversions
    Feature record: CXX_FEATURE:1cxx_decltype
    Feature record: CXX_FEATURE:1cxx_decltype_auto
    Feature record: CXX_FEATURE:1cxx_decltype_incomplete_return_types
    Feature record: CXX_FEATURE:1cxx_default_function_template_args
    Feature record: CXX_FEATURE:1cxx_defaulted_functions
    Feature record: CXX_FEATURE:1cxx_defaulted_move_initializers
    Feature record: CXX_FEATURE:1cxx_delegating_constructors
    Feature record: CXX_FEATURE:1cxx_deleted_functions
    Feature record: CXX_FEATURE:1cxx_digit_separators
    Feature record: CXX_FEATURE:1cxx_enum_forward_declarations
    Feature record: CXX_FEATURE:1cxx_explicit_conversions
    Feature record: CXX_FEATURE:1cxx_extended_friend_declarations
    Feature record: CXX_FEATURE:1cxx_extern_templates
    Feature record: CXX_FEATURE:1cxx_final
    Feature record: CXX_FEATURE:1cxx_func_identifier
    Feature record: CXX_FEATURE:1cxx_generalized_initializers
    Feature record: CXX_FEATURE:1cxx_generic_lambdas
    Feature record: CXX_FEATURE:1cxx_inheriting_constructors
    Feature record: CXX_FEATURE:1cxx_inline_namespaces
    Feature record: CXX_FEATURE:1cxx_lambdas
    Feature record: CXX_FEATURE:1cxx_lambda_init_captures
    Feature record: CXX_FEATURE:1cxx_local_type_template_args
    Feature record: CXX_FEATURE:1cxx_long_long_type
    Feature record: CXX_FEATURE:1cxx_noexcept
    Feature record: CXX_FEATURE:1cxx_nonstatic_member_init
    Feature record: CXX_FEATURE:1cxx_nullptr
    Feature record: CXX_FEATURE:1cxx_override
    Feature record: CXX_FEATURE:1cxx_range_for
    Feature record: CXX_FEATURE:1cxx_raw_string_literals
    Feature record: CXX_FEATURE:1cxx_reference_qualified_functions
    Feature record: CXX_FEATURE:1cxx_relaxed_constexpr
    Feature record: CXX_FEATURE:1cxx_return_type_deduction
    Feature record: CXX_FEATURE:1cxx_right_angle_brackets
    Feature record: CXX_FEATURE:1cxx_rvalue_references
    Feature record: CXX_FEATURE:1cxx_sizeof_member
    Feature record: CXX_FEATURE:1cxx_static_assert
    Feature record: CXX_FEATURE:1cxx_strong_enums
    Feature record: CXX_FEATURE:1cxx_template_template_parameters
    Feature record: CXX_FEATURE:1cxx_thread_local
    Feature record: CXX_FEATURE:1cxx_trailing_return_types
    Feature record: CXX_FEATURE:1cxx_unicode_literals
    Feature record: CXX_FEATURE:1cxx_uniform_initialization
    Feature record: CXX_FEATURE:1cxx_unrestricted_unions
    Feature record: CXX_FEATURE:1cxx_user_literals
    Feature record: CXX_FEATURE:1cxx_variable_templates
    Feature record: CXX_FEATURE:1cxx_variadic_macros
    Feature record: CXX_FEATURE:1cxx_variadic_templates


Detecting CXX [-std=c++11] compiler features compiled with the following output:
Change Dir: /home/thor/Nextcloud/Scolaire/Ecole/ETHZ/Cours/Parallel Computing/project/code/CMakeFiles/CMakeTmp

Run Build Command:"/usr/bin/make" "cmTC_bc393/fast"
/usr/bin/make -f CMakeFiles/cmTC_bc393.dir/build.make CMakeFiles/cmTC_bc393.dir/build
make[1] : on entre dans le répertoire « /home/thor/Nextcloud/Scolaire/Ecole/ETHZ/Cours/Parallel Computing/project/code/CMakeFiles/CMakeTmp »
Building CXX object CMakeFiles/cmTC_bc393.dir/feature_tests.cxx.o
/opt/anaconda3/bin/c++    -std=c++11 -o CMakeFiles/cmTC_bc393.dir/feature_tests.cxx.o -c "/home/thor/Nextcloud/Scolaire/Ecole/ETHZ/Cours/Parallel Computing/project/code/CMakeFiles/feature_tests.cxx"
Linking CXX executable cmTC_bc393
/usr/bin/cmake -E cmake_link_script CMakeFiles/cmTC_bc393.dir/link.txt --verbose=1
/opt/anaconda3/bin/c++       -rdynamic CMakeFiles/cmTC_bc393.dir/feature_tests.cxx.o  -o cmTC_bc393 
make[1] : on quitte le répertoire « /home/thor/Nextcloud/Scolaire/Ecole/ETHZ/Cours/Parallel Computing/project/code/CMakeFiles/CMakeTmp »


    Feature record: CXX_FEATURE:0cxx_aggregate_default_initializers
    Feature record: CXX_FEATURE:1cxx_alias_templates
    Feature record: CXX_FEATURE:1cxx_alignas
    Feature record: CXX_FEATURE:1cxx_alignof
    Feature record: CXX_FEATURE:1cxx_attributes
    Feature record: CXX_FEATURE:0cxx_attribute_deprecated
    Feature record: CXX_FEATURE:1cxx_auto_type
    Feature record: CXX_FEATURE:0cxx_binary_literals
    Feature record: CXX_FEATURE:1cxx_constexpr
    Feature record: CXX_FEATURE:0cxx_contextual_conversions
    Feature record: CXX_FEATURE:1cxx_decltype
    Feature record: CXX_FEATURE:0cxx_decltype_auto
    Feature record: CXX_FEATURE:1cxx_decltype_incomplete_return_types
    Feature record: CXX_FEATURE:1cxx_default_function_template_args
    Feature record: CXX_FEATURE:1cxx_defaulted_functions
    Feature record: CXX_FEATURE:1cxx_defaulted_move_initializers
    Feature record: CXX_FEATURE:1cxx_delegating_constructors
    Feature record: CXX_FEATURE:1cxx_deleted_functions
    Feature record: CXX_FEATURE:0cxx_digit_separators
    Feature record: CXX_FEATURE:1cxx_enum_forward_declarations
    Feature record: CXX_FEATURE:1cxx_explicit_conversions
    Feature record: CXX_FEATURE:1cxx_extended_friend_declarations
    Feature record: CXX_FEATURE:1cxx_extern_templates
    Feature record: CXX_FEATURE:1cxx_final
    Feature record: CXX_FEATURE:1cxx_func_identifier
    Feature record: CXX_FEATURE:1cxx_generalized_initializers
    Feature record: CXX_FEATURE:0cxx_generic_lambdas
    Feature record: CXX_FEATURE:1cxx_inheriting_constructors
    Feature record: CXX_FEATURE:1cxx_inline_namespaces
    Feature record: CXX_FEATURE:1cxx_lambdas
    Feature record: CXX_FEATURE:0cxx_lambda_init_captures
    Feature record: CXX_FEATURE:1cxx_local_type_template_args
    Feature record: CXX_FEATURE:1cxx_long_long_type
    Feature record: CXX_FEATURE:1cxx_noexcept
    Feature record: CXX_FEATURE:1cxx_nonstatic_member_init
    Feature record: CXX_FEATURE:1cxx_nullptr
    Feature record: CXX_FEATURE:1cxx_override
    Feature record: CXX_FEATURE:1cxx_range_for
    Feature record: CXX_FEATURE:1cxx_raw_string_literals
    Feature record: CXX_FEATURE:1cxx_reference_qualified_functions
    Feature record: CXX_FEATURE:0cxx_relaxed_constexpr
    Feature record: CXX_FEATURE:0cxx_return_type_deduction
    Feature record: CXX_FEATURE:1cxx_right_angle_brackets
    Feature record: CXX_FEATURE:1cxx_rvalue_references
    Feature record: CXX_FEATURE:1cxx_sizeof_member
    Feature record: CXX_FEATURE:1cxx_static_assert
    Feature record: CXX_FEATURE:1cxx_strong_enums
    Feature record: CXX_FEATURE:1cxx_template_template_parameters
    Feature record: CXX_FEATURE:1cxx_thread_local
    Feature record: CXX_FEATURE:1cxx_trailing_return_types
    Feature record: CXX_FEATURE:1cxx_unicode_literals
    Feature record: CXX_FEATURE:1cxx_uniform_initialization
    Feature record: CXX_FEATURE:1cxx_unrestricted_unions
    Feature record: CXX_FEATURE:1cxx_user_literals
    Feature record: CXX_FEATURE:0cxx_variable_templates
    Feature record: CXX_FEATURE:1cxx_variadic_macros
    Feature record: CXX_FEATURE:1cxx_variadic_templates


Detecting CXX [-std=c++98] compiler features compiled with the following output:
Change Dir: /home/thor/Nextcloud/Scolaire/Ecole/ETHZ/Cours/Parallel Computing/project/code/CMakeFiles/CMakeTmp

Run Build Command:"/usr/bin/make" "cmTC_d3e7e/fast"
/usr/bin/make -f CMakeFiles/cmTC_d3e7e.dir/build.make CMakeFiles/cmTC_d3e7e.dir/build
make[1] : on entre dans le répertoire « /home/thor/Nextcloud/Scolaire/Ecole/ETHZ/Cours/Parallel Computing/project/code/CMakeFiles/CMakeTmp »
Building CXX object CMakeFiles/cmTC_d3e7e.dir/feature_tests.cxx.o
/opt/anaconda3/bin/c++    -std=c++98 -o CMakeFiles/cmTC_d3e7e.dir/feature_tests.cxx.o -c "/home/thor/Nextcloud/Scolaire/Ecole/ETHZ/Cours/Parallel Computing/project/code/CMakeFiles/feature_tests.cxx"
Linking CXX executable cmTC_d3e7e
/usr/bin/cmake -E cmake_link_script CMakeFiles/cmTC_d3e7e.dir/link.txt --verbose=1
/opt/anaconda3/bin/c++       -rdynamic CMakeFiles/cmTC_d3e7e.dir/feature_tests.cxx.o  -o cmTC_d3e7e 
make[1] : on quitte le répertoire « /home/thor/Nextcloud/Scolaire/Ecole/ETHZ/Cours/Parallel Computing/project/code/CMakeFiles/CMakeTmp »


    Feature record: CXX_FEATURE:0cxx_aggregate_default_initializers
    Feature record: CXX_FEATURE:0cxx_alias_templates
    Feature record: CXX_FEATURE:0cxx_alignas
    Feature record: CXX_FEATURE:0cxx_alignof
    Feature record: CXX_FEATURE:0cxx_attributes
    Feature record: CXX_FEATURE:0cxx_attribute_deprecated
    Feature record: CXX_FEATURE:0cxx_auto_type
    Feature record: CXX_FEATURE:0cxx_binary_literals
    Feature record: CXX_FEATURE:0cxx_constexpr
    Feature record: CXX_FEATURE:0cxx_contextual_conversions
    Feature record: CXX_FEATURE:0cxx_decltype
    Feature record: CXX_FEATURE:0cxx_decltype_auto
    Feature record: CXX_FEATURE:0cxx_decltype_incomplete_return_types
    Feature record: CXX_FEATURE:0cxx_default_function_template_args
    Feature record: CXX_FEATURE:0cxx_defaulted_functions
    Feature record: CXX_FEATURE:0cxx_defaulted_move_initializers
    Feature record: CXX_FEATURE:0cxx_delegating_constructors
    Feature record: CXX_FEATURE:0cxx_deleted_functions
    Feature record: CXX_FEATURE:0cxx_digit_separators
    Feature record: CXX_FEATURE:0cxx_enum_forward_declarations
    Feature record: CXX_FEATURE:0cxx_explicit_conversions
    Feature record: CXX_FEATURE:0cxx_extended_friend_declarations
    Feature record: CXX_FEATURE:0cxx_extern_templates
    Feature record: CXX_FEATURE:0cxx_final
    Feature record: CXX_FEATURE:0cxx_func_identifier
    Feature record: CXX_FEATURE:0cxx_generalized_initializers
    Feature record: CXX_FEATURE:0cxx_generic_lambdas
    Feature record: CXX_FEATURE:0cxx_inheriting_constructors
    Feature record: CXX_FEATURE:0cxx_inline_namespaces
    Feature record: CXX_FEATURE:0cxx_lambdas
    Feature record: CXX_FEATURE:0cxx_lambda_init_captures
    Feature record: CXX_FEATURE:0cxx_local_type_template_args
    Feature record: CXX_FEATURE:0cxx_long_long_type
    Feature record: CXX_FEATURE:0cxx_noexcept
    Feature record: CXX_FEATURE:0cxx_nonstatic_member_init
    Feature record: CXX_FEATURE:0cxx_nullptr
    Feature record: CXX_FEATURE:0cxx_override
    Feature record: CXX_FEATURE:0cxx_range_for
    Feature record: CXX_FEATURE:0cxx_raw_string_literals
    Feature record: CXX_FEATURE:0cxx_reference_qualified_functions
    Feature record: CXX_FEATURE:0cxx_relaxed_constexpr
    Feature record: CXX_FEATURE:0cxx_return_type_deduction
    Feature record: CXX_FEATURE:0cxx_right_angle_brackets
    Feature record: CXX_FEATURE:0cxx_rvalue_references
    Feature record: CXX_FEATURE:0cxx_sizeof_member
    Feature record: CXX_FEATURE:0cxx_static_assert
    Feature record: CXX_FEATURE:0cxx_strong_enums
    Feature record: CXX_FEATURE:1cxx_template_template_parameters
    Feature record: CXX_FEATURE:0cxx_thread_local
    Feature record: CXX_FEATURE:0cxx_trailing_return_types
    Feature record: CXX_FEATURE:0cxx_unicode_literals
    Feature record: CXX_FEATURE:0cxx_uniform_initialization
    Feature record: CXX_FEATURE:0cxx_unrestricted_unions
    Feature record: CXX_FEATURE:0cxx_user_literals
    Feature record: CXX_FEATURE:0cxx_variable_templates
    Feature record: CXX_FEATURE:0cxx_variadic_macros
    Feature record: CXX_FEATURE:0cxx_variadic_templates
