This is pdfTeX, Version 3.14159265-2.6-1.40.18 (TeX Live 2017/Debian) (preloaded format=pdflatex 2019.1.18)  18 JAN 2019 23:53
entering extended mode
 restricted \write18 enabled.
 %&-line parsing enabled.
**report.tex
(./report.tex
LaTeX2e <2017-04-15>
Babel <3.18> and hyphenation patterns for 84 language(s) loaded.
(/usr/share/texlive/texmf-dist/tex/latex/base/article.cls
Document Class: article 2014/09/29 v1.4h Standard LaTeX document class
(/usr/share/texlive/texmf-dist/tex/latex/base/size10.clo
File: size10.clo 2014/09/29 v1.4h Standard LaTeX file (size option)
)
\c@part=\count79
\c@section=\count80
\c@subsection=\count81
\c@subsubsection=\count82
\c@paragraph=\count83
\c@subparagraph=\count84
\c@figure=\count85
\c@table=\count86
\abovecaptionskip=\skip41
\belowcaptionskip=\skip42
\bibindent=\dimen102
)
(/usr/share/texlive/texmf-dist/tex/latex/algorithmicx/algpseudocode.sty
Package: algpseudocode 

(/usr/share/texlive/texmf-dist/tex/latex/base/ifthen.sty
Package: ifthen 2014/09/29 v1.1c Standard LaTeX ifthen package (DPC)
)
(/usr/share/texlive/texmf-dist/tex/latex/algorithmicx/algorithmicx.sty
Package: algorithmicx 2005/04/27 v1.2 Algorithmicx

Document Style algorithmicx 1.2 - a greatly improved `algorithmic' style
\c@ALG@line=\count87
\c@ALG@rem=\count88
\c@ALG@nested=\count89
\ALG@tlm=\skip43
\ALG@thistlm=\skip44
\c@ALG@Lnr=\count90
\c@ALG@blocknr=\count91
\c@ALG@storecount=\count92
\c@ALG@tmpcounter=\count93
\ALG@tmplength=\skip45
)
Document Style - pseudocode environments for use with the `algorithmicx' style
) (/usr/share/texlive/texmf-dist/tex/latex/algorithms/algorithm.sty
Package: algorithm 2009/08/24 v0.1 Document Style `algorithm' - floating enviro
nment

(/usr/share/texlive/texmf-dist/tex/latex/float/float.sty
Package: float 2001/11/08 v1.3d Float enhancements (AL)
\c@float@type=\count94
\float@exts=\toks14
\float@box=\box26
\@float@everytoks=\toks15
\@floatcapt=\box27
)
\@float@every@algorithm=\toks16
\c@algorithm=\count95
) (./spconf.sty)
(/usr/share/texlive/texmf-dist/tex/latex/amsmath/amsmath.sty
Package: amsmath 2017/09/02 v2.17a AMS math features
\@mathmargin=\skip46

For additional information on amsmath, use the `?' option.
(/usr/share/texlive/texmf-dist/tex/latex/amsmath/amstext.sty
Package: amstext 2000/06/29 v2.01 AMS text

(/usr/share/texlive/texmf-dist/tex/latex/amsmath/amsgen.sty
File: amsgen.sty 1999/11/30 v2.0 generic functions
\@emptytoks=\toks17
\ex@=\dimen103
))
(/usr/share/texlive/texmf-dist/tex/latex/amsmath/amsbsy.sty
Package: amsbsy 1999/11/29 v1.2d Bold Symbols
\pmbraise@=\dimen104
)
(/usr/share/texlive/texmf-dist/tex/latex/amsmath/amsopn.sty
Package: amsopn 2016/03/08 v2.02 operator names
)
\inf@bad=\count96
LaTeX Info: Redefining \frac on input line 213.
\uproot@=\count97
\leftroot@=\count98
LaTeX Info: Redefining \overline on input line 375.
\classnum@=\count99
\DOTSCASE@=\count100
LaTeX Info: Redefining \ldots on input line 472.
LaTeX Info: Redefining \dots on input line 475.
LaTeX Info: Redefining \cdots on input line 596.
\Mathstrutbox@=\box28
\strutbox@=\box29
\big@size=\dimen105
LaTeX Font Info:    Redeclaring font encoding OML on input line 712.
LaTeX Font Info:    Redeclaring font encoding OMS on input line 713.
\macc@depth=\count101
\c@MaxMatrixCols=\count102
\dotsspace@=\muskip10
\c@parentequation=\count103
\dspbrk@lvl=\count104
\tag@help=\toks18
\row@=\count105
\column@=\count106
\maxfields@=\count107
\andhelp@=\toks19
\eqnshift@=\dimen106
\alignsep@=\dimen107
\tagshift@=\dimen108
\tagwidth@=\dimen109
\totwidth@=\dimen110
\lineht@=\dimen111
\@envbody=\toks20
\multlinegap=\skip47
\multlinetaggap=\skip48
\mathdisplay@stack=\toks21
LaTeX Info: Redefining \[ on input line 2817.
LaTeX Info: Redefining \] on input line 2818.
)
(/usr/share/texlive/texmf-dist/tex/latex/amsfonts/amssymb.sty
Package: amssymb 2013/01/14 v3.01 AMS font symbols

(/usr/share/texlive/texmf-dist/tex/latex/amsfonts/amsfonts.sty
Package: amsfonts 2013/01/14 v3.01 Basic AMSFonts support
\symAMSa=\mathgroup4
\symAMSb=\mathgroup5
LaTeX Font Info:    Overwriting math alphabet `\mathfrak' in version `bold'
(Font)                  U/euf/m/n --> U/euf/b/n on input line 106.
))
(/usr/share/texlive/texmf-dist/tex/latex/graphics/graphicx.sty
Package: graphicx 2017/06/01 v1.1a Enhanced LaTeX Graphics (DPC,SPQR)

(/usr/share/texlive/texmf-dist/tex/latex/graphics/keyval.sty
Package: keyval 2014/10/28 v1.15 key=value parser (DPC)
\KV@toks@=\toks22
)
(/usr/share/texlive/texmf-dist/tex/latex/graphics/graphics.sty
Package: graphics 2017/06/25 v1.2c Standard LaTeX Graphics (DPC,SPQR)

(/usr/share/texlive/texmf-dist/tex/latex/graphics/trig.sty
Package: trig 2016/01/03 v1.10 sin cos tan (DPC)
)
(/usr/share/texlive/texmf-dist/tex/latex/graphics-cfg/graphics.cfg
File: graphics.cfg 2016/06/04 v1.11 sample graphics configuration
)
Package graphics Info: Driver file: pdftex.def on input line 99.

(/usr/share/texlive/texmf-dist/tex/latex/graphics-def/pdftex.def
File: pdftex.def 2018/01/08 v1.0l Graphics/color driver for pdftex
))
\Gin@req@height=\dimen112
\Gin@req@width=\dimen113
)
(/usr/share/texlive/texmf-dist/tex/latex/oberdiek/grffile.sty
Package: grffile 2017/06/30 v1.18 Extended file name support for graphics (HO)

(/usr/share/texlive/texmf-dist/tex/generic/oberdiek/ifpdf.sty
Package: ifpdf 2017/03/15 v3.2 Provides the ifpdf switch
)
(/usr/share/texlive/texmf-dist/tex/generic/ifxetex/ifxetex.sty
Package: ifxetex 2010/09/12 v0.6 Provides ifxetex conditional
)
(/usr/share/texlive/texmf-dist/tex/latex/oberdiek/kvoptions.sty
Package: kvoptions 2016/05/16 v3.12 Key value format for package options (HO)

(/usr/share/texlive/texmf-dist/tex/generic/oberdiek/ltxcmds.sty
Package: ltxcmds 2016/05/16 v1.23 LaTeX kernel commands for general use (HO)
)
(/usr/share/texlive/texmf-dist/tex/generic/oberdiek/kvsetkeys.sty
Package: kvsetkeys 2016/05/16 v1.17 Key value parser (HO)

(/usr/share/texlive/texmf-dist/tex/generic/oberdiek/infwarerr.sty
Package: infwarerr 2016/05/16 v1.4 Providing info/warning/error messages (HO)
)
(/usr/share/texlive/texmf-dist/tex/generic/oberdiek/etexcmds.sty
Package: etexcmds 2016/05/16 v1.6 Avoid name clashes with e-TeX commands (HO)

(/usr/share/texlive/texmf-dist/tex/generic/oberdiek/ifluatex.sty
Package: ifluatex 2016/05/16 v1.4 Provides the ifluatex switch (HO)
Package ifluatex Info: LuaTeX not detected.
)
Package etexcmds Info: Could not find \expanded.
(etexcmds)             That can mean that you are not using pdfTeX 1.50 or
(etexcmds)             that some package has redefined \expanded.
(etexcmds)             In the latter case, load this package earlier.
)))
(/usr/share/texlive/texmf-dist/tex/generic/oberdiek/pdftexcmds.sty
Package: pdftexcmds 2018/01/21 v0.26 Utility functions of pdfTeX for LuaTeX (HO
)
Package pdftexcmds Info: LuaTeX not detected.
Package pdftexcmds Info: \pdf@primitive is available.
Package pdftexcmds Info: \pdf@ifprimitive is available.
Package pdftexcmds Info: \pdfdraftmode found.
)
Package grffile Info: Option `multidot' is set to `true'.
Package grffile Info: Option `extendedchars' is set to `false'.
Package grffile Info: Option `space' is set to `true'.
Package grffile Info: \Gin@ii of package `graphicx' fixed on input line 494.
)
(/usr/share/texlive/texmf-dist/tex/latex/oberdiek/epstopdf.sty
Package: epstopdf 2016/05/15 v2.6 Conversion with epstopdf on the fly (HO)

(/usr/share/texlive/texmf-dist/tex/latex/oberdiek/epstopdf-base.sty
Package: epstopdf-base 2016/05/15 v2.6 Base part for package epstopdf

(/usr/share/texlive/texmf-dist/tex/latex/oberdiek/grfext.sty
Package: grfext 2016/05/16 v1.2 Manage graphics extensions (HO)

(/usr/share/texlive/texmf-dist/tex/generic/oberdiek/kvdefinekeys.sty
Package: kvdefinekeys 2016/05/16 v1.4 Define keys (HO)
))
Package epstopdf-base Info: Redefining graphics rule for `.eps' on input line 4
38.
Package grfext Info: Graphics extension search list:
(grfext)             [.pdf,.png,.jpg,.mps,.jpeg,.jbig2,.jb2,.PDF,.PNG,.JPG,.JPE
G,.JBIG2,.JB2,.eps]
(grfext)             \AppendGraphicsExtensions on input line 456.

(/usr/share/texlive/texmf-dist/tex/latex/latexconfig/epstopdf-sys.cfg
File: epstopdf-sys.cfg 2010/07/13 v1.3 Configuration of (r)epstopdf for TeX Liv
e
)))
(/usr/share/texlive/texmf-dist/tex/latex/placeins/placeins.sty
Package: placeins 2005/04/18  v 2.2
) (./report.aux)
\openout1 = `report.aux'.

LaTeX Font Info:    Checking defaults for OML/cmm/m/it on input line 53.
LaTeX Font Info:    ... okay on input line 53.
LaTeX Font Info:    Checking defaults for T1/cmr/m/n on input line 53.
LaTeX Font Info:    ... okay on input line 53.
LaTeX Font Info:    Checking defaults for OT1/cmr/m/n on input line 53.
LaTeX Font Info:    ... okay on input line 53.
LaTeX Font Info:    Checking defaults for OMS/cmsy/m/n on input line 53.
LaTeX Font Info:    ... okay on input line 53.
LaTeX Font Info:    Checking defaults for OMX/cmex/m/n on input line 53.
LaTeX Font Info:    ... okay on input line 53.
LaTeX Font Info:    Checking defaults for U/cmr/m/n on input line 53.
LaTeX Font Info:    ... okay on input line 53.
LaTeX Font Info:    Try loading font information for OT1+ptm on input line 53.

(/usr/share/texlive/texmf-dist/tex/latex/psnfss/ot1ptm.fd
File: ot1ptm.fd 2001/06/04 font definitions for OT1/ptm.
)
(/usr/share/texlive/texmf-dist/tex/context/base/mkii/supp-pdf.mkii
[Loading MPS to PDF converter (version 2006.09.02).]
\scratchcounter=\count108
\scratchdimen=\dimen114
\scratchbox=\box30
\nofMPsegments=\count109
\nofMParguments=\count110
\everyMPshowfont=\toks23
\MPscratchCnt=\count111
\MPscratchDim=\dimen115
\MPnumerator=\count112
\makeMPintoPDFobject=\count113
\everyMPtoPDFconversion=\toks24
)
LaTeX Font Info:    Font shape `OT1/ptm/bx/n' in size <12> not available
(Font)              Font shape `OT1/ptm/b/n' tried instead on input line 56.
LaTeX Font Info:    Try loading font information for U+msa on input line 56.
 (/usr/share/texlive/texmf-dist/tex/latex/amsfonts/umsa.fd
File: umsa.fd 2013/01/14 v3.01 AMS symbols A
)
LaTeX Font Info:    Try loading font information for U+msb on input line 56.

(/usr/share/texlive/texmf-dist/tex/latex/amsfonts/umsb.fd
File: umsb.fd 2013/01/14 v3.01 AMS symbols B
)
Missing character: There is no Ã in font ptmr7t!
Missing character: There is no ´ in font ptmr7t!
Missing character: There is no Ã in font ptmr7t!
Missing character: There is no © in font ptmr7t!
LaTeX Font Info:    Font shape `OT1/ptm/bx/n' in size <10> not available
(Font)              Font shape `OT1/ptm/b/n' tried instead on input line 60.
LaTeX Font Info:    Try loading font information for OMS+ptm on input line 97.

(/usr/share/texlive/texmf-dist/tex/latex/psnfss/omsptm.fd
File: omsptm.fd 
)
LaTeX Font Info:    Font shape `OMS/ptm/m/n' in size <10> not available
(Font)              Font shape `OMS/cmsy/m/n' tried instead on input line 97.
 [1{/var/lib/texmf/fonts/map/pdftex/updmap/pdftex.map}



] [2]
Overfull \hbox (0.48798pt too wide) in paragraph at lines 199--200
\OT1/ptm/m/n/10 Hewlett-Packard XL230k Gen10 equipped with two 18-core
 []


Overfull \hbox (0.66637pt too wide) in paragraph at lines 201--202
[]\OT1/ptm/b/n/10 OpenMP. \OT1/ptm/m/n/10 OpenMP which is an API that sup-ports
 shared
 []


Overfull \hbox (15.83618pt too wide) in paragraph at lines 207--208
\OT1/ptm/m/n/10 pli-ca-tions and is cou-pled with an R script for the post-proc
essing
 []


Overfull \hbox (1.48676pt too wide) in paragraph at lines 215--216
[]\OT1/ptm/b/n/10 PA. \OT1/ptm/m/n/10 Pref-er-en-tial At-tach-ment (PA) graphs 
where we spec-
 []

[3]
Package epstopdf Info: Source file: <graphics/Graph_runtime_Preferential_attach
ment_100_edges_per_vertice_1000.eps>
(epstopdf)                    date: 2019-01-18 22:53:46
(epstopdf)                    size: 59240 bytes
(epstopdf)             Output file: <graphics/Graph_runtime_Preferential_attach
ment_100_edges_per_vertice_1000-eps-converted-to.pdf>
(epstopdf)                    date: 2019-01-18 23:23:21
(epstopdf)                    size: 20881 bytes
(epstopdf)             Command: <repstopdf --outfile=graphics/Graph_runtime_Pre
ferential_attachment_100_edges_per_vertice_1000-eps-converted-to.pdf graphics/G
raph_runtime_Preferential_attachment_100_edges_per_vertice_1000.eps>
(epstopdf)             \includegraphics on input line 242.
Package epstopdf Info: Output file is already uptodate.


pdfTeX warning: pdflatex (file ./graphics/Graph_runtime_Preferential_attachment
_100_edges_per_vertice_1000-eps-converted-to.pdf): PDF inclusion: found PDF ver
sion <1.7>, but at most version <1.5> allowed
<graphics/Graph_runtime_Preferential_attachment_100_edges_per_vertice_1000-eps-
converted-to.pdf, id=23, 924.45375pt x 316.18124pt>
File: graphics/Graph_runtime_Preferential_attachment_100_edges_per_vertice_1000
-eps-converted-to.pdf Graphic file (type pdf)
<use graphics/Graph_runtime_Preferential_attachment_100_edges_per_vertice_1000-
eps-converted-to.pdf>
Package pdftex.def Info: graphics/Graph_runtime_Preferential_attachment_100_edg
es_per_vertice_1000-eps-converted-to.pdf  used on input line 242.
(pdftex.def)             Requested size: 237.5805pt x 81.25475pt.
Package epstopdf Info: Source file: <graphics/Graph_runtime_Preferential_attach
ment_20_edges_per_vertice_2000.eps>
(epstopdf)                    date: 2019-01-18 22:53:46
(epstopdf)                    size: 58557 bytes
(epstopdf)             Output file: <graphics/Graph_runtime_Preferential_attach
ment_20_edges_per_vertice_2000-eps-converted-to.pdf>
(epstopdf)                    date: 2019-01-18 23:23:22
(epstopdf)                    size: 20900 bytes
(epstopdf)             Command: <repstopdf --outfile=graphics/Graph_runtime_Pre
ferential_attachment_20_edges_per_vertice_2000-eps-converted-to.pdf graphics/Gr
aph_runtime_Preferential_attachment_20_edges_per_vertice_2000.eps>
(epstopdf)             \includegraphics on input line 247.
Package epstopdf Info: Output file is already uptodate.


pdfTeX warning: pdflatex (file ./graphics/Graph_runtime_Preferential_attachment
_20_edges_per_vertice_2000-eps-converted-to.pdf): PDF inclusion: found PDF vers
ion <1.7>, but at most version <1.5> allowed
<graphics/Graph_runtime_Preferential_attachment_20_edges_per_vertice_2000-eps-c
onverted-to.pdf, id=24, 924.45375pt x 316.18124pt>
File: graphics/Graph_runtime_Preferential_attachment_20_edges_per_vertice_2000-
eps-converted-to.pdf Graphic file (type pdf)
<use graphics/Graph_runtime_Preferential_attachment_20_edges_per_vertice_2000-e
ps-converted-to.pdf>
Package pdftex.def Info: graphics/Graph_runtime_Preferential_attachment_20_edge
s_per_vertice_2000-eps-converted-to.pdf  used on input line 247.
(pdftex.def)             Requested size: 237.5805pt x 81.25475pt.
Package epstopdf Info: Source file: <graphics/Graph_runtime_Erdos-Renyi_random_
p=0.200000_10000.eps>
(epstopdf)                    date: 2019-01-18 22:53:46
(epstopdf)                    size: 52932 bytes
(epstopdf)             Output file: <graphics/Graph_runtime_Erdos-Renyi_random_
p=0.200000_10000-eps-converted-to.pdf>
(epstopdf)                    date: 2019-01-18 23:23:22
(epstopdf)                    size: 19328 bytes
(epstopdf)             Command: <repstopdf --outfile=graphics/Graph_runtime_Erd
os-Renyi_random_p=0.200000_10000-eps-converted-to.pdf graphics/Graph_runtime_Er
dos-Renyi_random_p=0.200000_10000.eps>
(epstopdf)             \includegraphics on input line 254.
Package epstopdf Info: Output file is already uptodate.


pdfTeX warning: pdflatex (file ./graphics/Graph_runtime_Erdos-Renyi_random_p=0.
200000_10000-eps-converted-to.pdf): PDF inclusion: found PDF version <1.7>, but
 at most version <1.5> allowed
<graphics/Graph_runtime_Erdos-Renyi_random_p=0.200000_10000-eps-converted-to.pd
f, id=25, 924.45375pt x 316.18124pt>
File: graphics/Graph_runtime_Erdos-Renyi_random_p=0.200000_10000-eps-converted-
to.pdf Graphic file (type pdf)
<use graphics/Graph_runtime_Erdos-Renyi_random_p=0.200000_10000-eps-converted-t
o.pdf>
Package pdftex.def Info: graphics/Graph_runtime_Erdos-Renyi_random_p=0.200000_1
0000-eps-converted-to.pdf  used on input line 254.
(pdftex.def)             Requested size: 237.5805pt x 81.25475pt.
Package epstopdf Info: Source file: <graphics/Box_Speedup_Erdos-Renyi_random_p=
0.200000_10000.eps>
(epstopdf)                    date: 2019-01-18 22:53:46
(epstopdf)                    size: 82033 bytes
(epstopdf)             Output file: <graphics/Box_Speedup_Erdos-Renyi_random_p=
0.200000_10000-eps-converted-to.pdf>
(epstopdf)                    date: 2019-01-18 23:23:22
(epstopdf)                    size: 24665 bytes
(epstopdf)             Command: <repstopdf --outfile=graphics/Box_Speedup_Erdos
-Renyi_random_p=0.200000_10000-eps-converted-to.pdf graphics/Box_Speedup_Erdos-
Renyi_random_p=0.200000_10000.eps>
(epstopdf)             \includegraphics on input line 259.
Package epstopdf Info: Output file is already uptodate.


pdfTeX warning: pdflatex (file ./graphics/Box_Speedup_Erdos-Renyi_random_p=0.20
0000_10000-eps-converted-to.pdf): PDF inclusion: found PDF version <1.7>, but a
t most version <1.5> allowed
<graphics/Box_Speedup_Erdos-Renyi_random_p=0.200000_10000-eps-converted-to.pdf,
 id=26, 873.2625pt x 316.18124pt>
File: graphics/Box_Speedup_Erdos-Renyi_random_p=0.200000_10000-eps-converted-to
.pdf Graphic file (type pdf)
<use graphics/Box_Speedup_Erdos-Renyi_random_p=0.200000_10000-eps-converted-to.
pdf>
Package pdftex.def Info: graphics/Box_Speedup_Erdos-Renyi_random_p=0.200000_100
00-eps-converted-to.pdf  used on input line 259.
(pdftex.def)             Requested size: 237.5805pt x 86.02138pt.
Package epstopdf Info: Source file: <graphics/Graph_runtime_Preferential_attach
ment_1000_edges_per_vertice_10000.eps>
(epstopdf)                    date: 2019-01-18 22:53:46
(epstopdf)                    size: 53619 bytes
(epstopdf)             Output file: <graphics/Graph_runtime_Preferential_attach
ment_1000_edges_per_vertice_10000-eps-converted-to.pdf>
(epstopdf)                    date: 2019-01-18 23:23:23
(epstopdf)                    size: 19431 bytes
(epstopdf)             Command: <repstopdf --outfile=graphics/Graph_runtime_Pre
ferential_attachment_1000_edges_per_vertice_10000-eps-converted-to.pdf graphics
/Graph_runtime_Preferential_attachment_1000_edges_per_vertice_10000.eps>
(epstopdf)             \includegraphics on input line 264.
Package epstopdf Info: Output file is already uptodate.


pdfTeX warning: pdflatex (file ./graphics/Graph_runtime_Preferential_attachment
_1000_edges_per_vertice_10000-eps-converted-to.pdf): PDF inclusion: found PDF v
ersion <1.7>, but at most version <1.5> allowed
<graphics/Graph_runtime_Preferential_attachment_1000_edges_per_vertice_10000-ep
s-converted-to.pdf, id=27, 924.45375pt x 316.18124pt>
File: graphics/Graph_runtime_Preferential_attachment_1000_edges_per_vertice_100
00-eps-converted-to.pdf Graphic file (type pdf)
<use graphics/Graph_runtime_Preferential_attachment_1000_edges_per_vertice_1000
0-eps-converted-to.pdf>
Package pdftex.def Info: graphics/Graph_runtime_Preferential_attachment_1000_ed
ges_per_vertice_10000-eps-converted-to.pdf  used on input line 264.
(pdftex.def)             Requested size: 237.5805pt x 81.25475pt.
Package epstopdf Info: Source file: <graphics/Box_Speedup_Preferential_attachme
nt_1000_edges_per_vertice_10000.eps>
(epstopdf)                    date: 2019-01-18 22:53:46
(epstopdf)                    size: 98178 bytes
(epstopdf)             Output file: <graphics/Box_Speedup_Preferential_attachme
nt_1000_edges_per_vertice_10000-eps-converted-to.pdf>
(epstopdf)                    date: 2019-01-18 23:23:23
(epstopdf)                    size: 27443 bytes
(epstopdf)             Command: <repstopdf --outfile=graphics/Box_Speedup_Prefe
rential_attachment_1000_edges_per_vertice_10000-eps-converted-to.pdf graphics/B
ox_Speedup_Preferential_attachment_1000_edges_per_vertice_10000.eps>
(epstopdf)             \includegraphics on input line 269.
Package epstopdf Info: Output file is already uptodate.


pdfTeX warning: pdflatex (file ./graphics/Box_Speedup_Preferential_attachment_1
000_edges_per_vertice_10000-eps-converted-to.pdf): PDF inclusion: found PDF ver
sion <1.7>, but at most version <1.5> allowed
<graphics/Box_Speedup_Preferential_attachment_1000_edges_per_vertice_10000-eps-
converted-to.pdf, id=28, 867.24pt x 316.18124pt>
File: graphics/Box_Speedup_Preferential_attachment_1000_edges_per_vertice_10000
-eps-converted-to.pdf Graphic file (type pdf)
<use graphics/Box_Speedup_Preferential_attachment_1000_edges_per_vertice_10000-
eps-converted-to.pdf>
Package pdftex.def Info: graphics/Box_Speedup_Preferential_attachment_1000_edge
s_per_vertice_10000-eps-converted-to.pdf  used on input line 269.
(pdftex.def)             Requested size: 237.5805pt x 86.61479pt.

Overfull \hbox (8.68695pt too wide) in paragraph at lines 275--276
\OT1/ptm/m/n/10 10[]), Sollin AL has a very good par-al-lelism, reach-ing a spe
edup
 []

[4 <./graphics/Graph_runtime_Preferential_attachment_100_edges_per_vertice_1000
-eps-converted-to.pdf> <./graphics/Graph_runtime_Preferential_attachment_20_edg
es_per_vertice_2000-eps-converted-to.pdf> <./graphics/Graph_runtime_Erdos-Renyi
_random_p=0.200000_10000-eps-converted-to.pdf> <./graphics/Box_Speedup_Erdos-Re
nyi_random_p=0.200000_10000-eps-converted-to.pdf>]
Package epstopdf Info: Source file: <graphics/Graph_runtime_Erdos-Renyi_random_
p=0.002000_50000.eps>
(epstopdf)                    date: 2019-01-18 22:53:46
(epstopdf)                    size: 52261 bytes
(epstopdf)             Output file: <graphics/Graph_runtime_Erdos-Renyi_random_
p=0.002000_50000-eps-converted-to.pdf>
(epstopdf)                    date: 2019-01-18 23:23:23
(epstopdf)                    size: 19266 bytes
(epstopdf)             Command: <repstopdf --outfile=graphics/Graph_runtime_Erd
os-Renyi_random_p=0.002000_50000-eps-converted-to.pdf graphics/Graph_runtime_Er
dos-Renyi_random_p=0.002000_50000.eps>
(epstopdf)             \includegraphics on input line 278.
Package epstopdf Info: Output file is already uptodate.


pdfTeX warning: pdflatex (file ./graphics/Graph_runtime_Erdos-Renyi_random_p=0.
002000_50000-eps-converted-to.pdf): PDF inclusion: found PDF version <1.7>, but
 at most version <1.5> allowed
<graphics/Graph_runtime_Erdos-Renyi_random_p=0.002000_50000-eps-converted-to.pd
f, id=213, 924.45375pt x 316.18124pt>
File: graphics/Graph_runtime_Erdos-Renyi_random_p=0.002000_50000-eps-converted-
to.pdf Graphic file (type pdf)
<use graphics/Graph_runtime_Erdos-Renyi_random_p=0.002000_50000-eps-converted-t
o.pdf>
Package pdftex.def Info: graphics/Graph_runtime_Erdos-Renyi_random_p=0.002000_5
0000-eps-converted-to.pdf  used on input line 278.
(pdftex.def)             Requested size: 237.5805pt x 81.25475pt.
Package epstopdf Info: Source file: <graphics/Box_Speedup_Erdos-Renyi_random_p=
0.002000_50000.eps>
(epstopdf)                    date: 2019-01-18 22:53:46
(epstopdf)                    size: 94532 bytes
(epstopdf)             Output file: <graphics/Box_Speedup_Erdos-Renyi_random_p=
0.002000_50000-eps-converted-to.pdf>
(epstopdf)                    date: 2019-01-18 23:23:24
(epstopdf)                    size: 27032 bytes
(epstopdf)             Command: <repstopdf --outfile=graphics/Box_Speedup_Erdos
-Renyi_random_p=0.002000_50000-eps-converted-to.pdf graphics/Box_Speedup_Erdos-
Renyi_random_p=0.002000_50000.eps>
(epstopdf)             \includegraphics on input line 283.
Package epstopdf Info: Output file is already uptodate.


pdfTeX warning: pdflatex (file ./graphics/Box_Speedup_Erdos-Renyi_random_p=0.00
2000_50000-eps-converted-to.pdf): PDF inclusion: found PDF version <1.7>, but a
t most version <1.5> allowed
<graphics/Box_Speedup_Erdos-Renyi_random_p=0.002000_50000-eps-converted-to.pdf,
 id=214, 867.24pt x 316.18124pt>
File: graphics/Box_Speedup_Erdos-Renyi_random_p=0.002000_50000-eps-converted-to
.pdf Graphic file (type pdf)
<use graphics/Box_Speedup_Erdos-Renyi_random_p=0.002000_50000-eps-converted-to.
pdf>
Package pdftex.def Info: graphics/Box_Speedup_Erdos-Renyi_random_p=0.002000_500
00-eps-converted-to.pdf  used on input line 283.
(pdftex.def)             Requested size: 237.5805pt x 86.61479pt.
Package epstopdf Info: Source file: <graphics/Graph_runtime_Preferential_attach
ment_50_edges_per_vertice_50000.eps>
(epstopdf)                    date: 2019-01-18 22:53:46
(epstopdf)                    size: 52348 bytes
(epstopdf)             Output file: <graphics/Graph_runtime_Preferential_attach
ment_50_edges_per_vertice_50000-eps-converted-to.pdf>
(epstopdf)                    date: 2019-01-18 23:23:24
(epstopdf)                    size: 19094 bytes
(epstopdf)             Command: <repstopdf --outfile=graphics/Graph_runtime_Pre
ferential_attachment_50_edges_per_vertice_50000-eps-converted-to.pdf graphics/G
raph_runtime_Preferential_attachment_50_edges_per_vertice_50000.eps>
(epstopdf)             \includegraphics on input line 288.
Package epstopdf Info: Output file is already uptodate.


pdfTeX warning: pdflatex (file ./graphics/Graph_runtime_Preferential_attachment
_50_edges_per_vertice_50000-eps-converted-to.pdf): PDF inclusion: found PDF ver
sion <1.7>, but at most version <1.5> allowed
<graphics/Graph_runtime_Preferential_attachment_50_edges_per_vertice_50000-eps-
converted-to.pdf, id=215, 924.45375pt x 316.18124pt>
File: graphics/Graph_runtime_Preferential_attachment_50_edges_per_vertice_50000
-eps-converted-to.pdf Graphic file (type pdf)
<use graphics/Graph_runtime_Preferential_attachment_50_edges_per_vertice_50000-
eps-converted-to.pdf>
Package pdftex.def Info: graphics/Graph_runtime_Preferential_attachment_50_edge
s_per_vertice_50000-eps-converted-to.pdf  used on input line 288.
(pdftex.def)             Requested size: 237.5805pt x 81.25475pt.
Package epstopdf Info: Source file: <graphics/Box_Speedup_Preferential_attachme
nt_50_edges_per_vertice_50000.eps>
(epstopdf)                    date: 2019-01-18 22:53:46
(epstopdf)                    size: 95154 bytes
(epstopdf)             Output file: <graphics/Box_Speedup_Preferential_attachme
nt_50_edges_per_vertice_50000-eps-converted-to.pdf>
(epstopdf)                    date: 2019-01-18 23:23:24
(epstopdf)                    size: 27279 bytes
(epstopdf)             Command: <repstopdf --outfile=graphics/Box_Speedup_Prefe
rential_attachment_50_edges_per_vertice_50000-eps-converted-to.pdf graphics/Box
_Speedup_Preferential_attachment_50_edges_per_vertice_50000.eps>
(epstopdf)             \includegraphics on input line 293.
Package epstopdf Info: Output file is already uptodate.


pdfTeX warning: pdflatex (file ./graphics/Box_Speedup_Preferential_attachment_5
0_edges_per_vertice_50000-eps-converted-to.pdf): PDF inclusion: found PDF versi
on <1.7>, but at most version <1.5> allowed
<graphics/Box_Speedup_Preferential_attachment_50_edges_per_vertice_50000-eps-co
nverted-to.pdf, id=216, 867.24pt x 316.18124pt>
File: graphics/Box_Speedup_Preferential_attachment_50_edges_per_vertice_50000-e
ps-converted-to.pdf Graphic file (type pdf)
<use graphics/Box_Speedup_Preferential_attachment_50_edges_per_vertice_50000-ep
s-converted-to.pdf>
Package pdftex.def Info: graphics/Box_Speedup_Preferential_attachment_50_edges_
per_vertice_50000-eps-converted-to.pdf  used on input line 293.
(pdftex.def)             Requested size: 237.5805pt x 86.61479pt.
Package epstopdf Info: Source file: <graphics/Graph_runtime_USA-road-d._264346.
eps>
(epstopdf)                    date: 2019-01-18 22:53:46
(epstopdf)                    size: 49282 bytes
(epstopdf)             Output file: <graphics/Graph_runtime_USA-road-d._264346-
eps-converted-to.pdf>
(epstopdf)                    date: 2019-01-18 23:23:25
(epstopdf)                    size: 17951 bytes
(epstopdf)             Command: <repstopdf --outfile=graphics/Graph_runtime_USA
-road-d._264346-eps-converted-to.pdf graphics/Graph_runtime_USA-road-d._264346.
eps>
(epstopdf)             \includegraphics on input line 300.
Package epstopdf Info: Output file is already uptodate.


pdfTeX warning: pdflatex (file ./graphics/Graph_runtime_USA-road-d._264346-eps-
converted-to.pdf): PDF inclusion: found PDF version <1.7>, but at most version 
<1.5> allowed
<graphics/Graph_runtime_USA-road-d._264346-eps-converted-to.pdf, id=217, 924.45
375pt x 316.18124pt>
File: graphics/Graph_runtime_USA-road-d._264346-eps-converted-to.pdf Graphic fi
le (type pdf)
<use graphics/Graph_runtime_USA-road-d._264346-eps-converted-to.pdf>
Package pdftex.def Info: graphics/Graph_runtime_USA-road-d._264346-eps-converte
d-to.pdf  used on input line 300.
(pdftex.def)             Requested size: 237.5805pt x 81.25475pt.
Package epstopdf Info: Source file: <graphics/Box_Speedup_USA-road-d._264346.ep
s>
(epstopdf)                    date: 2019-01-18 22:53:46
(epstopdf)                    size: 87353 bytes
(epstopdf)             Output file: <graphics/Box_Speedup_USA-road-d._264346-ep
s-converted-to.pdf>
(epstopdf)                    date: 2019-01-18 23:23:25
(epstopdf)                    size: 24401 bytes
(epstopdf)             Command: <repstopdf --outfile=graphics/Box_Speedup_USA-r
oad-d._264346-eps-converted-to.pdf graphics/Box_Speedup_USA-road-d._264346.eps>

(epstopdf)             \includegraphics on input line 305.
Package epstopdf Info: Output file is already uptodate.


pdfTeX warning: pdflatex (file ./graphics/Box_Speedup_USA-road-d._264346-eps-co
nverted-to.pdf): PDF inclusion: found PDF version <1.7>, but at most version <1
.5> allowed
<graphics/Box_Speedup_USA-road-d._264346-eps-converted-to.pdf, id=218, 876.2737
4pt x 316.18124pt>
File: graphics/Box_Speedup_USA-road-d._264346-eps-converted-to.pdf Graphic file
 (type pdf)
<use graphics/Box_Speedup_USA-road-d._264346-eps-converted-to.pdf>
Package pdftex.def Info: graphics/Box_Speedup_USA-road-d._264346-eps-converted-
to.pdf  used on input line 305.
(pdftex.def)             Requested size: 237.5805pt x 85.72226pt.
Package epstopdf Info: Source file: <graphics/Graph_runtime_USA-road-d._321270.
eps>
(epstopdf)                    date: 2019-01-18 22:53:46
(epstopdf)                    size: 49306 bytes
(epstopdf)             Output file: <graphics/Graph_runtime_USA-road-d._321270-
eps-converted-to.pdf>
(epstopdf)                    date: 2019-01-18 23:23:25
(epstopdf)                    size: 17963 bytes
(epstopdf)             Command: <repstopdf --outfile=graphics/Graph_runtime_USA
-road-d._321270-eps-converted-to.pdf graphics/Graph_runtime_USA-road-d._321270.
eps>
(epstopdf)             \includegraphics on input line 310.
Package epstopdf Info: Output file is already uptodate.


pdfTeX warning: pdflatex (file ./graphics/Graph_runtime_USA-road-d._321270-eps-
converted-to.pdf): PDF inclusion: found PDF version <1.7>, but at most version 
<1.5> allowed
<graphics/Graph_runtime_USA-road-d._321270-eps-converted-to.pdf, id=219, 924.45
375pt x 316.18124pt>
File: graphics/Graph_runtime_USA-road-d._321270-eps-converted-to.pdf Graphic fi
le (type pdf)
<use graphics/Graph_runtime_USA-road-d._321270-eps-converted-to.pdf>
Package pdftex.def Info: graphics/Graph_runtime_USA-road-d._321270-eps-converte
d-to.pdf  used on input line 310.
(pdftex.def)             Requested size: 237.5805pt x 81.25475pt.
Package epstopdf Info: Source file: <graphics/Box_Speedup_USA-road-d._321270.ep
s>
(epstopdf)                    date: 2019-01-18 22:53:46
(epstopdf)                    size: 100151 bytes
(epstopdf)             Output file: <graphics/Box_Speedup_USA-road-d._321270-ep
s-converted-to.pdf>
(epstopdf)                    date: 2019-01-18 23:23:26
(epstopdf)                    size: 26812 bytes
(epstopdf)             Command: <repstopdf --outfile=graphics/Box_Speedup_USA-r
oad-d._321270-eps-converted-to.pdf graphics/Box_Speedup_USA-road-d._321270.eps>

(epstopdf)             \includegraphics on input line 315.
Package epstopdf Info: Output file is already uptodate.


pdfTeX warning: pdflatex (file ./graphics/Box_Speedup_USA-road-d._321270-eps-co
nverted-to.pdf): PDF inclusion: found PDF version <1.7>, but at most version <1
.5> allowed
<graphics/Box_Speedup_USA-road-d._321270-eps-converted-to.pdf, id=220, 876.2737
4pt x 316.18124pt>
File: graphics/Box_Speedup_USA-road-d._321270-eps-converted-to.pdf Graphic file
 (type pdf)
<use graphics/Box_Speedup_USA-road-d._321270-eps-converted-to.pdf>
Package pdftex.def Info: graphics/Box_Speedup_USA-road-d._321270-eps-converted-
to.pdf  used on input line 315.
(pdftex.def)             Requested size: 237.5805pt x 85.72226pt.
[5 <./graphics/Graph_runtime_Preferential_attachment_1000_edges_per_vertice_100
00-eps-converted-to.pdf> <./graphics/Box_Speedup_Preferential_attachment_1000_e
dges_per_vertice_10000-eps-converted-to.pdf> <./graphics/Graph_runtime_Erdos-Re
nyi_random_p=0.002000_50000-eps-converted-to.pdf> <./graphics/Box_Speedup_Erdos
-Renyi_random_p=0.002000_50000-eps-converted-to.pdf> <./graphics/Graph_runtime_
Preferential_attachment_50_edges_per_vertice_50000-eps-converted-to.pdf> <./gra
phics/Box_Speedup_Preferential_attachment_50_edges_per_vertice_50000-eps-conver
ted-to.pdf> <./graphics/Graph_runtime_USA-road-d._264346-eps-converted-to.pdf> 
<./graphics/Box_Speedup_USA-road-d._264346-eps-converted-to.pdf>]
Overfull \hbox (49.65897pt too wide) in paragraph at lines 337--349
[][] 
 []


Overfull \hbox (16.14737pt too wide) in paragraph at lines 352--353
\OT1/ptm/m/n/10 min-i-mum span-ning tree in a con-nected graph based on Kruskal
's
 []


Overfull \hbox (1.82745pt too wide) in paragraph at lines 354--355
[]\OT1/ptm/m/n/10 From test-ing them on var-i-ous bench-marks (dense graphs,
 []

[6 <./graphics/Graph_runtime_USA-road-d._321270-eps-converted-to.pdf> <./graphi
cs/Box_Speedup_USA-road-d._321270-eps-converted-to.pdf>] (./report.bbl
Underfull \hbox (badness 10000) in paragraph at lines 4--6
[]\OT1/ptm/m/n/10 Th. Dar-d-inier C. Trassoudaine Th. Cam-bier,
 []


Underfull \hbox (badness 10000) in paragraph at lines 4--6
\OT1/ptm/m/n/10 R. Dang-Nhu,  ``Dphpc project repos-i-tory,''
 []

Missing character: There is no â in font ptmr7t!
Missing character: There is no € in font ptmr7t!
Missing character: There is no ™ in font ptmr7t!
) [7


] (./report.aux)

LaTeX Warning: Label(s) may have changed. Rerun to get cross-references right.

 ) 
Here is how much of TeX's memory you used:
 3245 strings out of 492982
 48561 string characters out of 6134896
 108863 words of memory out of 5000000
 6732 multiletter control sequences out of 15000+600000
 22944 words of font info for 56 fonts, out of 8000000 for 9000
 1141 hyphenation exceptions out of 8191
 36i,16n,26p,1617b,326s stack positions out of 5000i,500n,10000p,200000b,80000s
{/usr/share/texlive/texmf-dist/fonts/enc/dvips/base/8r.enc}</usr/share/texliv
e/texmf-dist/fonts/type1/public/amsfonts/cm/cmmi10.pfb></usr/share/texlive/texm
f-dist/fonts/type1/public/amsfonts/cm/cmmi5.pfb></usr/share/texlive/texmf-dist/
fonts/type1/public/amsfonts/cm/cmmi7.pfb></usr/share/texlive/texmf-dist/fonts/t
ype1/public/amsfonts/cm/cmr10.pfb></usr/share/texlive/texmf-dist/fonts/type1/pu
blic/amsfonts/cm/cmr7.pfb></usr/share/texlive/texmf-dist/fonts/type1/public/ams
fonts/cm/cmsy10.pfb></usr/share/texlive/texmf-dist/fonts/type1/public/amsfonts/
cm/cmsy6.pfb></usr/share/texlive/texmf-dist/fonts/type1/public/amsfonts/cm/cmsy
7.pfb></usr/share/texlive/texmf-dist/fonts/type1/public/amsfonts/cm/cmsy8.pfb><
/usr/share/texlive/texmf-dist/fonts/type1/urw/times/utmb8a.pfb></usr/share/texl
ive/texmf-dist/fonts/type1/urw/times/utmr8a.pfb></usr/share/texlive/texmf-dist/
fonts/type1/urw/times/utmri8a.pfb>
Output written on report.pdf (7 pages, 412546 bytes).
PDF statistics:
 685 PDF objects out of 1000 (max. 8388607)
 111 compressed objects within 2 object streams
 0 named destinations out of 1000 (max. 500000)
 71 words of extra memory for PDF output out of 10000 (max. 10000000)

